INFO [04-11|14:39:56.987] Maximum peer count                       ETH=50 LES=0 total=50
INFO [04-11|14:39:56.987] Smartcard socket not found, disabling    err="stat /run/pcscd/pcscd.comm: no such file or directory"
INFO [04-11|14:39:56.989] Starting peer-to-peer node               instance=Geth/v1.9.12-stable/linux-amd64/go1.14
INFO [04-11|14:39:56.989] Allocated trie memory caches             clean=256.00MiB dirty=256.00MiB
INFO [04-11|14:39:56.989] Allocated cache and file handles         database=/root/ethData1/geth/chaindata cache=512.00MiB handles=524288
INFO [04-11|14:39:57.063] Opened ancient database                  database=/root/ethData1/geth/chaindata/ancient
INFO [04-11|14:39:57.063] Initialised chain configuration          config="{ChainID: 714715 Homestead: 0 DAO: <nil> DAOSupport: false EIP150: 0 EIP155: 0 EIP158: 0 Byzantium: 0 Constantinople: 0 Petersburg: 0 Istanbul: <nil>, Muir Glacier: <nil>, Engine: ethash}"
INFO [04-11|14:39:57.063] Disk storage enabled for ethash caches   dir=/root/ethData1/geth/ethash count=3
INFO [04-11|14:39:57.063] Disk storage enabled for ethash DAGs     dir=/root/.ethash              count=2
INFO [04-11|14:39:57.063] Initialising Ethereum protocol           versions="[65 64 63]" network=714715 dbversion=<nil>
WARN [04-11|14:39:57.063] Upgrade blockchain database version      from=<nil> to=7
INFO [04-11|14:39:57.063] Loaded most recent local header          number=0 hash=a9ea9a…7d2b4a td=1 age=51y3d14h
INFO [04-11|14:39:57.064] Loaded most recent local full block      number=0 hash=a9ea9a…7d2b4a td=1 age=51y3d14h
INFO [04-11|14:39:57.064] Loaded most recent local fast block      number=0 hash=a9ea9a…7d2b4a td=1 age=51y3d14h
INFO [04-11|14:39:57.064] Regenerated local transaction journal    transactions=0 accounts=0
INFO [04-11|14:39:57.072] Allocated fast sync bloom                size=512.00MiB
INFO [04-11|14:39:57.078] Initialized fast sync bloom              items=6 errorrate=0.000 elapsed=5.401ms
INFO [04-11|14:39:57.085] Mapped network port                      proto=tcp extport=30303 intport=30303 interface=ExtIP(10.0.0.1)
INFO [04-11|14:39:57.085] Mapped network port                      proto=udp extport=30303 intport=30303 interface=ExtIP(10.0.0.1)
INFO [04-11|14:39:57.086] New local node record                    seq=1 id=1c2d44f229ecdf91 ip=10.0.0.1 udp=30303 tcp=30303
INFO [04-11|14:39:57.086] Started P2P networking                   self=enode://51b168799aa2ef89aeeae5eabf5a7be1abe5fde41bd701b97a86d1192f0b2bafe65ce20d5a1dafb2268d48ce7b48a5d09643b9ae2783ac92251633fc19eb5530@10.0.0.1:30303
INFO [04-11|14:39:57.087] IPC endpoint opened                      url=/root/ethData1/geth.ipc
INFO [04-11|14:39:59.079] Block synchronisation started 
INFO [04-11|14:39:59.084] Imported new state entries               count=2 elapsed=1.666ms processed=2 pending=0 retry=0 duplicate=0 unexpected=0
WARN [04-11|14:39:59.257] Fast syncing, discarded propagated block number=1 hash=009169…f052d9
INFO [04-11|14:39:59.293] Imported new block headers               count=2 elapsed=211.099ms number=2 hash=878061…2b32a4
INFO [04-11|14:39:59.294] Imported new chain segment               blocks=2 txs=0 mgas=0.000 elapsed=780.987µs mgasps=0.000 number=2 hash=878061…2b32a4 dirty=970.00B
INFO [04-11|14:39:59.294] Fast sync complete, auto disabling 
INFO [04-11|14:39:59.380] Imported new chain segment               blocks=1 txs=0 mgas=0.000 elapsed=6.546ms   mgasps=0.000 number=3 hash=473d62…134ea1 dirty=1.42KiB
INFO [04-11|14:39:59.380] Mining too far in the future             wait=2s
INFO [04-11|14:40:00.537] Imported new chain segment               blocks=1 txs=0 mgas=0.000 elapsed=4.212ms   mgasps=0.000 number=4 hash=4a8126…5963ca dirty=1.89KiB
INFO [04-11|14:40:03.037] Imported new chain segment               blocks=1 txs=0 mgas=0.000 elapsed=3.940ms   mgasps=0.000 number=5 hash=238ea1…1cf9d5 dirty=2.37KiB
INFO [04-11|14:40:03.083] Imported new chain segment               blocks=1 txs=0 mgas=0.000 elapsed=4.790ms   mgasps=0.000 number=6 hash=3f2c1c…4b5593 dirty=2.84KiB
INFO [04-11|14:40:03.349] Imported new chain segment               blocks=1 txs=0 mgas=0.000 elapsed=5.848ms   mgasps=0.000 number=7 hash=db3d19…560d98 dirty=3.32KiB
INFO [04-11|14:40:03.349] Mining too far in the future             wait=2s
INFO [04-11|14:40:03.763] Imported new chain segment               blocks=1 txs=0 mgas=0.000 elapsed=4.351ms   mgasps=0.000 number=4 hash=ac8659…4e9ab1 dirty=3.79KiB
INFO [04-11|14:40:03.981] Imported new chain segment               blocks=1 txs=0 mgas=0.000 elapsed=6.578ms   mgasps=0.000 number=5 hash=69808f…4c6057 dirty=4.26KiB
INFO [04-11|14:40:04.207] Imported new chain segment               blocks=1 txs=0 mgas=0.000 elapsed=6.287ms   mgasps=0.000 number=6 hash=8f9ab5…28a199 dirty=4.74KiB
INFO [04-11|14:40:04.614] Chain reorg detected                     number=3 hash=473d62…134ea1 drop=4 dropfrom=db3d19…560d98 add=4 addfrom=e4cade…8d0598
INFO [04-11|14:40:04.614] Imported new chain segment               blocks=1 txs=0 mgas=0.000 elapsed=3.708ms   mgasps=0.000 number=7 hash=e4cade…8d0598 dirty=5.21KiB
INFO [04-11|14:40:06.147] Chain reorg detected                     number=3 hash=473d62…134ea1 drop=4 dropfrom=e4cade…8d0598 add=5 addfrom=051d79…cf708f
INFO [04-11|14:40:06.147] Imported new chain segment               blocks=1 txs=0 mgas=0.000 elapsed=8.598ms   mgasps=0.000 number=8 hash=051d79…cf708f dirty=5.92KiB
INFO [04-11|14:40:08.379] Imported new chain segment               blocks=1 txs=0 mgas=0.000 elapsed=5.523ms   mgasps=0.000 number=9 hash=39e0e6…0fee85 dirty=6.39KiB
INFO [04-11|14:40:08.900] Imported new chain segment               blocks=1 txs=0 mgas=0.000 elapsed=6.328ms   mgasps=0.000 number=10 hash=a00fbf…692d81 dirty=6.87KiB
INFO [04-11|14:40:08.929] Imported new chain segment               blocks=1 txs=0 mgas=0.000 elapsed=5.786ms   mgasps=0.000 number=8  hash=1bee7d…b9ce32 dirty=7.34KiB
INFO [04-11|14:40:09.367] Imported new chain segment               blocks=1 txs=0 mgas=0.000 elapsed=4.786ms   mgasps=0.000 number=9  hash=315314…0983eb dirty=7.81KiB
INFO [04-11|14:40:10.491] Imported new chain segment               blocks=1 txs=0 mgas=0.000 elapsed=6.545ms   mgasps=0.000 number=11 hash=2193ac…785522 dirty=8.29KiB
INFO [04-11|14:40:10.604] Looking for peers                        peercount=3 tried=0 static=0
INFO [04-11|14:40:11.724] Imported new chain segment               blocks=1 txs=0 mgas=0.000 elapsed=5.690ms   mgasps=0.000 number=10 hash=0739a0…ce97a9 dirty=8.76KiB
INFO [04-11|14:40:11.954] Imported new chain segment               blocks=1 txs=0 mgas=0.000 elapsed=5.466ms   mgasps=0.000 number=12 hash=5ef825…1f3853 dirty=9.24KiB
INFO [04-11|14:40:12.951] Imported new chain segment               blocks=1 txs=0 mgas=0.000 elapsed=4.717ms   mgasps=0.000 number=11 hash=d7573c…43068d dirty=9.71KiB
INFO [04-11|14:40:13.015] Imported new chain segment               blocks=1 txs=0 mgas=0.000 elapsed=5.537ms   mgasps=0.000 number=12 hash=55cb17…7918c2 dirty=10.19KiB
INFO [04-11|14:40:13.208] Chain reorg detected                     number=3  hash=473d62…134ea1 drop=9 dropfrom=5ef825…1f3853 add=10 addfrom=5c6900…a86483
INFO [04-11|14:40:13.209] Imported new chain segment               blocks=1 txs=0 mgas=0.000 elapsed=4.819ms   mgasps=0.000 number=13 hash=5c6900…a86483 dirty=10.66KiB
INFO [04-11|14:40:13.540] Imported new chain segment               blocks=1 txs=0 mgas=0.000 elapsed=4.137ms   mgasps=0.000 number=14 hash=48f8f9…37c825 dirty=11.13KiB
INFO [04-11|14:40:13.541] Mining too far in the future             wait=2s
INFO [04-11|14:40:14.712] Imported new chain segment               blocks=1 txs=0 mgas=0.000 elapsed=5.942ms   mgasps=0.000 number=13 hash=a24975…a9e4de dirty=11.61KiB
INFO [04-11|14:40:15.455] Chain reorg detected                     number=3  hash=473d62…134ea1 drop=11 dropfrom=48f8f9…37c825 add=11 addfrom=b910f7…c88a6a
INFO [04-11|14:40:15.541] Imported new chain segment               blocks=1 txs=0 mgas=0.000 elapsed=90.670ms  mgasps=0.000 number=14 hash=b910f7…c88a6a dirty=12.08KiB
INFO [04-11|14:40:16.073] Imported new chain segment               blocks=1 txs=0 mgas=0.000 elapsed=6.654ms   mgasps=0.000 number=15 hash=1f4d0b…7b21b0 dirty=12.56KiB
INFO [04-11|14:40:16.329] Imported new chain segment               blocks=1 txs=0 mgas=0.000 elapsed=4.679ms   mgasps=0.000 number=15 hash=42c20b…989db7 dirty=13.03KiB
INFO [04-11|14:40:16.589] Imported new chain segment               blocks=1 txs=0 mgas=0.000 elapsed=6.607ms   mgasps=0.000 number=16 hash=d2f020…424487 dirty=13.51KiB
INFO [04-11|14:40:17.672] Imported new chain segment               blocks=1 txs=0 mgas=0.000 elapsed=6.511ms   mgasps=0.000 number=16 hash=897e6a…c9e4bf dirty=13.98KiB
INFO [04-11|14:40:18.589] Chain reorg detected                     number=3  hash=473d62…134ea1 drop=13 dropfrom=d2f020…424487 add=14 addfrom=892a09…b64ac9
INFO [04-11|14:40:18.589] Imported new chain segment               blocks=1 txs=0 mgas=0.000 elapsed=5.195ms   mgasps=0.000 number=17 hash=892a09…b64ac9 dirty=14.46KiB
INFO [04-11|14:40:18.601] Chain reorg detected                     number=3  hash=473d62…134ea1 drop=14 dropfrom=892a09…b64ac9 add=14 addfrom=778215…4bc775
INFO [04-11|14:40:18.602] Imported new chain segment               blocks=1 txs=0 mgas=0.000 elapsed=5.340ms   mgasps=0.000 number=17 hash=778215…4bc775 dirty=14.93KiB
INFO [04-11|14:40:19.130] Chain reorg detected                     number=3  hash=473d62…134ea1 drop=14 dropfrom=778215…4bc775 add=15 addfrom=30bda9…1ad40a
INFO [04-11|14:40:19.131] Imported new chain segment               blocks=1 txs=0 mgas=0.000 elapsed=5.904ms   mgasps=0.000 number=18 hash=30bda9…1ad40a dirty=15.41KiB
INFO [04-11|14:40:19.317] Chain reorg detected                     number=3  hash=473d62…134ea1 drop=15 dropfrom=30bda9…1ad40a add=15 addfrom=1ec9cf…bf4539
INFO [04-11|14:40:19.317] Imported new chain segment               blocks=1 txs=0 mgas=0.000 elapsed=6.428ms   mgasps=0.000 number=18 hash=1ec9cf…bf4539 dirty=15.88KiB
INFO [04-11|14:40:19.353] Chain reorg detected                     number=3  hash=473d62…134ea1 drop=15 dropfrom=1ec9cf…bf4539 add=16 addfrom=228106…b2a8c0
INFO [04-11|14:40:19.353] Imported new chain segment               blocks=1 txs=0 mgas=0.000 elapsed=7.403ms   mgasps=0.000 number=19 hash=228106…b2a8c0 dirty=16.36KiB
INFO [04-11|14:40:19.440] Imported new chain segment               blocks=1 txs=0 mgas=0.000 elapsed=4.236ms   mgasps=0.000 number=20 hash=bc73f7…4d1c03 dirty=16.83KiB
INFO [04-11|14:40:19.440] Mining too far in the future             wait=2s
INFO [04-11|14:40:21.778] Imported new chain segment               blocks=1 txs=0 mgas=0.000 elapsed=5.010ms   mgasps=0.000 number=21 hash=47c04f…35db1b dirty=17.07KiB
INFO [04-11|14:40:22.558] Imported new chain segment               blocks=1 txs=0 mgas=0.000 elapsed=4.945ms   mgasps=0.000 number=22 hash=4a8968…1b0637 dirty=17.30KiB
INFO [04-11|14:40:23.123] Imported new chain segment               blocks=1 txs=0 mgas=0.000 elapsed=6.653ms   mgasps=0.000 number=23 hash=684008…a2f938 dirty=17.54KiB
INFO [04-11|14:40:23.878] Imported new chain segment               blocks=1 txs=0 mgas=0.000 elapsed=4.901ms   mgasps=0.000 number=21 hash=c7fdc7…4ddb27 dirty=18.02KiB
INFO [04-11|14:40:24.288] Imported new chain segment               blocks=1 txs=0 mgas=0.000 elapsed=5.023ms   mgasps=0.000 number=22 hash=17c5db…a2c3b4 dirty=18.49KiB
INFO [04-11|14:40:24.490] Imported new chain segment               blocks=1 txs=0 mgas=0.000 elapsed=9.865ms   mgasps=0.000 number=24 hash=debea3…6f8e39 dirty=19.20KiB
INFO [04-11|14:40:24.986] Imported new chain segment               blocks=1 txs=0 mgas=0.000 elapsed=4.787ms   mgasps=0.000 number=25 hash=0ce31b…3ab645 dirty=19.44KiB
INFO [04-11|14:40:24.986] Mining too far in the future             wait=2s
INFO [04-11|14:40:26.616] Imported new chain segment               blocks=1 txs=0 mgas=0.000 elapsed=4.070ms   mgasps=0.000 number=26 hash=a22555…80b81b dirty=19.91KiB
INFO [04-11|14:40:28.430] Imported new chain segment               blocks=1 txs=0 mgas=0.000 elapsed=5.543ms   mgasps=0.000 number=27 hash=7e3069…52023c dirty=20.15KiB
INFO [04-11|14:40:29.439] Imported new chain segment               blocks=1 txs=0 mgas=0.000 elapsed=4.413ms   mgasps=0.000 number=28 hash=c71727…47f45d dirty=20.63KiB
INFO [04-11|14:40:29.675] Imported new chain segment               blocks=1 txs=0 mgas=0.000 elapsed=5.901ms   mgasps=0.000 number=29 hash=f70e6d…2f9e9b dirty=21.10KiB
INFO [04-11|14:40:29.890] Imported new chain segment               blocks=1 txs=0 mgas=0.000 elapsed=4.939ms   mgasps=0.000 number=28 hash=2cea6b…3c517c dirty=21.34KiB
INFO [04-11|14:40:30.508] Imported new chain segment               blocks=1 txs=0 mgas=0.000 elapsed=9.374ms   mgasps=0.000 number=30 hash=bcdf4d…42d525 dirty=22.05KiB
INFO [04-11|14:40:30.770] Imported new chain segment               blocks=1 txs=0 mgas=0.000 elapsed=4.253ms   mgasps=0.000 number=31 hash=d0e908…402f46 dirty=22.52KiB
INFO [04-11|14:40:30.770] Mining too far in the future             wait=2s
INFO [04-11|14:40:33.389] Imported new chain segment               blocks=1 txs=0 mgas=0.000 elapsed=7.123ms   mgasps=0.000 number=32 hash=6e926e…686b8d dirty=23.00KiB
INFO [04-11|14:40:33.429] Imported new chain segment               blocks=1 txs=0 mgas=0.000 elapsed=5.334ms   mgasps=0.000 number=33 hash=04415a…0808fd dirty=23.47KiB
INFO [04-11|14:40:33.614] Imported new chain segment               blocks=1 txs=0 mgas=0.000 elapsed=4.519ms   mgasps=0.000 number=34 hash=d0197e…83a0a7 dirty=23.95KiB
INFO [04-11|14:40:33.614] Mining too far in the future             wait=2s
INFO [04-11|14:40:35.876] Imported new chain segment               blocks=1 txs=0 mgas=0.000 elapsed=6.400ms   mgasps=0.000 number=35 hash=8d8b88…258349 dirty=24.42KiB
INFO [04-11|14:40:36.525] Imported new chain segment               blocks=1 txs=0 mgas=0.000 elapsed=5.223ms   mgasps=0.000 number=36 hash=a6e95d…61151c dirty=24.89KiB
INFO [04-11|14:40:37.828] Imported new chain segment               blocks=1 txs=0 mgas=0.000 elapsed=5.335ms   mgasps=0.000 number=37 hash=69d5e2…71b86c dirty=25.37KiB
INFO [04-11|14:40:38.662] Imported new chain segment               blocks=1 txs=0 mgas=0.000 elapsed=5.075ms   mgasps=0.000 number=38 hash=3e2a38…a9498b dirty=25.84KiB
INFO [04-11|14:40:39.525] Imported new chain segment               blocks=1 txs=0 mgas=0.000 elapsed=9.486ms   mgasps=0.000 number=39 hash=c99029…b5ecf8 dirty=26.32KiB
INFO [04-11|14:40:39.662] Imported new chain segment               blocks=1 txs=0 mgas=0.000 elapsed=4.156ms   mgasps=0.000 number=40 hash=786db0…5edceb dirty=26.79KiB
INFO [04-11|14:40:39.662] Mining too far in the future             wait=2s
INFO [04-11|14:40:41.567] Imported new chain segment               blocks=1 txs=0 mgas=0.000 elapsed=3.972ms   mgasps=0.000 number=41 hash=7800f8…a9c6cb dirty=27.27KiB
INFO [04-11|14:40:41.958] Chain reorg detected                     number=40 hash=786db0…5edceb drop=1  dropfrom=7800f8…a9c6cb add=1  addfrom=3862e8…dcf65e
INFO [04-11|14:40:41.958] Imported new chain segment               blocks=1 txs=0 mgas=0.000 elapsed=4.753ms   mgasps=0.000 number=41 hash=3862e8…dcf65e dirty=27.74KiB
INFO [04-11|14:40:42.157] Imported new chain segment               blocks=1 txs=0 mgas=0.000 elapsed=11.563ms  mgasps=0.000 number=42 hash=743db4…2b6012 dirty=28.45KiB
INFO [04-11|14:40:43.231] Imported new chain segment               blocks=1 txs=0 mgas=0.000 elapsed=5.216ms   mgasps=0.000 number=43 hash=d67ed8…73f593 dirty=28.93KiB
INFO [04-11|14:40:43.507] Imported new chain segment               blocks=1 txs=0 mgas=0.000 elapsed=4.570ms   mgasps=0.000 number=44 hash=c43dd4…e50ae3 dirty=29.40KiB
INFO [04-11|14:40:43.507] Mining too far in the future             wait=2s
INFO [04-11|14:40:46.902] Imported new chain segment               blocks=1 txs=0 mgas=0.000 elapsed=4.865ms   mgasps=0.000 number=45 hash=62e4ca…d1e832 dirty=29.88KiB
INFO [04-11|14:40:47.504] Imported new chain segment               blocks=1 txs=0 mgas=0.000 elapsed=6.944ms   mgasps=0.000 number=46 hash=e03203…b50f3e dirty=30.35KiB
INFO [04-11|14:40:48.714] Imported new chain segment               blocks=1 txs=0 mgas=0.000 elapsed=4.790ms   mgasps=0.000 number=47 hash=6361f8…4468f8 dirty=30.83KiB
INFO [04-11|14:40:51.152] Imported new chain segment               blocks=1 txs=0 mgas=0.000 elapsed=4.112ms   mgasps=0.000 number=48 hash=f04f8e…9e9b1c dirty=31.30KiB
INFO [04-11|14:40:52.529] Imported new chain segment               blocks=1 txs=0 mgas=0.000 elapsed=6.275ms   mgasps=0.000 number=49 hash=205afd…a38d0c dirty=31.78KiB
INFO [04-11|14:40:54.268] Imported new chain segment               blocks=1 txs=0 mgas=0.000 elapsed=5.293ms   mgasps=0.000 number=50 hash=0aa4cd…ca317f dirty=32.25KiB
INFO [04-11|14:40:54.384] Imported new chain segment               blocks=1 txs=0 mgas=0.000 elapsed=6.484ms   mgasps=0.000 number=51 hash=ad9b9b…fb15d4 dirty=32.73KiB
INFO [04-11|14:40:54.559] Imported new chain segment               blocks=1 txs=0 mgas=0.000 elapsed=5.282ms   mgasps=0.000 number=52 hash=ba9058…88726c dirty=33.20KiB
INFO [04-11|14:40:54.559] Mining too far in the future             wait=2s
INFO [04-11|14:40:55.434] Imported new chain segment               blocks=1 txs=0 mgas=0.000 elapsed=4.571ms   mgasps=0.000 number=53 hash=af6844…e1ccb5 dirty=33.67KiB
INFO [04-11|14:40:57.085] Imported new chain segment               blocks=1 txs=0 mgas=0.000 elapsed=4.686ms   mgasps=0.000 number=54 hash=30730e…c5e96f dirty=34.15KiB
INFO [04-11|14:40:57.593] Imported new chain segment               blocks=1 txs=0 mgas=0.000 elapsed=4.496ms   mgasps=0.000 number=55 hash=9e20f8…35b1b0 dirty=34.62KiB
INFO [04-11|14:40:57.593] Mining too far in the future             wait=2s
INFO [04-11|14:40:59.975] Imported new chain segment               blocks=1 txs=0 mgas=0.000 elapsed=4.829ms   mgasps=0.000 number=56 hash=81d7bf…1c9c42 dirty=35.10KiB
INFO [04-11|14:41:00.397] Imported new chain segment               blocks=1 txs=0 mgas=0.000 elapsed=7.124ms   mgasps=0.000 number=57 hash=3965f8…66d4cc dirty=35.57KiB
INFO [04-11|14:41:01.676] Imported new chain segment               blocks=1 txs=0 mgas=0.000 elapsed=13.039ms  mgasps=0.000 number=58 hash=bbb794…f6c93f dirty=36.05KiB
INFO [04-11|14:41:01.894] Imported new chain segment               blocks=1 txs=0 mgas=0.000 elapsed=4.794ms   mgasps=0.000 number=59 hash=6b36ce…7ccc2e dirty=36.52KiB
INFO [04-11|14:41:01.894] Mining too far in the future             wait=2s
INFO [04-11|14:41:02.388] Chain reorg detected                     number=58 hash=bbb794…f6c93f drop=1  dropfrom=6b36ce…7ccc2e add=1  addfrom=b8cadc…5c5dee
INFO [04-11|14:41:02.388] Imported new chain segment               blocks=1 txs=0 mgas=0.000 elapsed=4.164ms   mgasps=0.000 number=59 hash=b8cadc…5c5dee dirty=37.00KiB
INFO [04-11|14:41:05.471] Deallocated fast sync bloom              items=8 errorrate=0.000
INFO [04-11|14:41:05.479] Imported new chain segment               blocks=1 txs=0 mgas=0.000 elapsed=4.844ms   mgasps=0.000 number=60 hash=1d4cb2…201c15 dirty=37.47KiB
INFO [04-11|14:41:05.492] Imported new chain segment               blocks=1 txs=0 mgas=0.000 elapsed=11.576ms  mgasps=0.000 number=61 hash=3b4506…92e7d0 dirty=38.18KiB
INFO [04-11|14:41:06.048] Imported new chain segment               blocks=1 txs=0 mgas=0.000 elapsed=6.645ms   mgasps=0.000 number=62 hash=c85ec3…670186 dirty=38.66KiB
INFO [04-11|14:41:06.486] Imported new chain segment               blocks=1 txs=0 mgas=0.000 elapsed=4.972ms   mgasps=0.000 number=63 hash=2e5e7c…84750b dirty=39.13KiB
INFO [04-11|14:41:08.359] Imported new chain segment               blocks=1 txs=0 mgas=0.000 elapsed=5.592ms   mgasps=0.000 number=64 hash=bc6a47…d8aa75 dirty=39.61KiB
INFO [04-11|14:41:09.616] Imported new chain segment               blocks=1 txs=0 mgas=0.000 elapsed=5.854ms   mgasps=0.000 number=65 hash=c4cafc…6593c4 dirty=40.08KiB
INFO [04-11|14:41:10.006] Imported new chain segment               blocks=1 txs=0 mgas=0.000 elapsed=8.726ms   mgasps=0.000 number=66 hash=b19f3b…5cb848 dirty=40.56KiB
INFO [04-11|14:41:10.525] Imported new chain segment               blocks=1 txs=0 mgas=0.000 elapsed=7.525ms   mgasps=0.000 number=67 hash=406338…4fd05a dirty=41.03KiB
INFO [04-11|14:41:11.013] Imported new chain segment               blocks=1 txs=0 mgas=0.000 elapsed=5.117ms   mgasps=0.000 number=67 hash=20b02f…c4a948 dirty=41.51KiB
INFO [04-11|14:41:12.126] Imported new chain segment               blocks=1 txs=0 mgas=0.000 elapsed=13.196ms  mgasps=0.000 number=68 hash=c27943…92df41 dirty=42.22KiB
INFO [04-11|14:41:14.833] Imported new chain segment               blocks=1 txs=0 mgas=0.000 elapsed=6.682ms   mgasps=0.000 number=69 hash=fa8e84…7098da dirty=42.69KiB
INFO [04-11|14:41:15.815] Imported new chain segment               blocks=1 txs=0 mgas=0.000 elapsed=4.964ms   mgasps=0.000 number=70 hash=f3ce53…a4b81f dirty=43.17KiB
INFO [04-11|14:41:16.104] Imported new chain segment               blocks=1 txs=0 mgas=0.000 elapsed=6.707ms   mgasps=0.000 number=70 hash=1c5450…fb8bd9 dirty=43.64KiB
INFO [04-11|14:41:17.003] Imported new chain segment               blocks=1 txs=0 mgas=0.000 elapsed=9.548ms   mgasps=0.000 number=71 hash=dd7a43…feecb9 dirty=44.35KiB
INFO [04-11|14:41:17.343] Imported new chain segment               blocks=1 txs=0 mgas=0.000 elapsed=4.572ms   mgasps=0.000 number=72 hash=d8ebe2…f7fda3 dirty=44.83KiB
INFO [04-11|14:41:18.939] Imported new chain segment               blocks=1 txs=0 mgas=0.000 elapsed=5.313ms   mgasps=0.000 number=73 hash=9f6de2…a23d1c dirty=45.30KiB
INFO [04-11|14:41:22.535] Imported new chain segment               blocks=1 txs=0 mgas=0.000 elapsed=14.493ms  mgasps=0.000 number=74 hash=8ee18f…4fb80b dirty=45.78KiB
INFO [04-11|14:41:23.939] Imported new chain segment               blocks=1 txs=0 mgas=0.000 elapsed=4.604ms   mgasps=0.000 number=75 hash=da9532…0f593e dirty=46.25KiB
INFO [04-11|14:41:25.444] Imported new chain segment               blocks=1 txs=0 mgas=0.000 elapsed=5.261ms   mgasps=0.000 number=76 hash=678076…68e04e dirty=46.73KiB
INFO [04-11|14:41:25.984] Imported new chain segment               blocks=1 txs=0 mgas=0.000 elapsed=4.555ms   mgasps=0.000 number=77 hash=705fa9…2c3e12 dirty=47.20KiB
INFO [04-11|14:41:26.032] Imported new chain segment               blocks=1 txs=0 mgas=0.000 elapsed=9.626ms   mgasps=0.000 number=78 hash=096fc3…5b885d dirty=47.68KiB
INFO [04-11|14:41:26.500] Imported new chain segment               blocks=1 txs=0 mgas=0.000 elapsed=5.352ms   mgasps=0.000 number=79 hash=546f61…006c78 dirty=48.15KiB
INFO [04-11|14:41:26.500] Mining too far in the future             wait=2s
INFO [04-11|14:41:27.606] Imported new chain segment               blocks=1 txs=0 mgas=0.000 elapsed=3.906ms   mgasps=0.000 number=80 hash=fc5d38…90fab5 dirty=48.62KiB
INFO [04-11|14:41:28.814] Imported new chain segment               blocks=1 txs=0 mgas=0.000 elapsed=3.460ms   mgasps=0.000 number=81 hash=27cee2…cdd064 dirty=49.10KiB
INFO [04-11|14:41:28.814] Mining too far in the future             wait=2s
INFO [04-11|14:41:31.264] Imported new chain segment               blocks=1 txs=0 mgas=0.000 elapsed=5.026ms   mgasps=0.000 number=82 hash=cb57d2…d35d28 dirty=49.57KiB
INFO [04-11|14:41:31.282] Chain reorg detected                     number=81 hash=27cee2…cdd064 drop=1  dropfrom=cb57d2…d35d28 add=1  addfrom=d9117e…d943b2
INFO [04-11|14:41:31.282] Imported new chain segment               blocks=1 txs=0 mgas=0.000 elapsed=7.738ms   mgasps=0.000 number=82 hash=d9117e…d943b2 dirty=50.05KiB
INFO [04-11|14:41:31.288] Chain reorg detected                     number=81 hash=27cee2…cdd064 drop=1  dropfrom=d9117e…d943b2 add=2  addfrom=87920b…5c64ec
INFO [04-11|14:41:31.288] Imported new chain segment               blocks=1 txs=0 mgas=0.000 elapsed=5.470ms   mgasps=0.000 number=83 hash=87920b…5c64ec dirty=50.52KiB
INFO [04-11|14:41:31.357] Imported new chain segment               blocks=1 txs=0 mgas=0.000 elapsed=5.924ms   mgasps=0.000 number=84 hash=cb793f…424c62 dirty=51.00KiB
INFO [04-11|14:41:31.357] Mining too far in the future             wait=2s
INFO [04-11|14:41:32.061] Imported new chain segment               blocks=1 txs=0 mgas=0.000 elapsed=10.245ms  mgasps=0.000 number=83 hash=5a407d…216c46 dirty=51.71KiB
INFO [04-11|14:41:32.814] Chain reorg detected                     number=81 hash=27cee2…cdd064 drop=3  dropfrom=cb793f…424c62 add=3  addfrom=7cf2b6…751123
INFO [04-11|14:41:32.815] Imported new chain segment               blocks=1 txs=0 mgas=0.000 elapsed=4.558ms   mgasps=0.000 number=84 hash=7cf2b6…751123 dirty=52.18KiB
INFO [04-11|14:41:33.571] Imported new chain segment               blocks=1 txs=0 mgas=0.000 elapsed=5.003ms   mgasps=0.000 number=85 hash=92d6e5…9a48cc dirty=52.66KiB
INFO [04-11|14:41:34.471] Imported new chain segment               blocks=1 txs=0 mgas=0.000 elapsed=5.674ms   mgasps=0.000 number=86 hash=090646…86d5b2 dirty=53.13KiB
INFO [04-11|14:41:35.337] Imported new chain segment               blocks=1 txs=0 mgas=0.000 elapsed=6.165ms   mgasps=0.000 number=87 hash=cc7402…4a8dc7 dirty=53.61KiB
INFO [04-11|14:41:35.488] Imported new chain segment               blocks=1 txs=0 mgas=0.000 elapsed=5.901ms   mgasps=0.000 number=88 hash=101e4e…1ae4c7 dirty=54.08KiB
INFO [04-11|14:41:35.488] Mining too far in the future             wait=2s
INFO [04-11|14:41:36.521] Chain reorg detected                     number=87 hash=cc7402…4a8dc7 drop=1  dropfrom=101e4e…1ae4c7 add=1  addfrom=7d34ad…f94868
INFO [04-11|14:41:36.522] Imported new chain segment               blocks=1 txs=0 mgas=0.000 elapsed=3.191ms   mgasps=0.000 number=88 hash=7d34ad…f94868 dirty=54.56KiB
INFO [04-11|14:41:37.861] Imported new chain segment               blocks=1 txs=0 mgas=0.000 elapsed=9.588ms   mgasps=0.000 number=89 hash=6c4ac0…607573 dirty=55.27KiB
INFO [04-11|14:41:38.313] Imported new chain segment               blocks=1 txs=0 mgas=0.000 elapsed=8.990ms   mgasps=0.000 number=90 hash=201290…3d1aef dirty=55.74KiB
INFO [04-11|14:41:38.857] Imported new chain segment               blocks=1 txs=0 mgas=0.000 elapsed=4.602ms   mgasps=0.000 number=91 hash=c71470…686387 dirty=56.22KiB
INFO [04-11|14:41:38.857] Mining too far in the future             wait=2s
INFO [04-11|14:41:41.037] Imported new chain segment               blocks=1 txs=0 mgas=0.000 elapsed=5.207ms   mgasps=0.000 number=92 hash=6d50c6…7b8d67 dirty=56.69KiB
INFO [04-11|14:41:43.648] Imported new chain segment               blocks=1 txs=0 mgas=0.000 elapsed=10.729ms  mgasps=0.000 number=93 hash=44c6dd…af5872 dirty=57.17KiB
INFO [04-11|14:41:44.390] Imported new chain segment               blocks=1 txs=0 mgas=0.000 elapsed=6.271ms   mgasps=0.000 number=94 hash=a4ecde…32fd04 dirty=57.64KiB
INFO [04-11|14:41:45.027] Imported new chain segment               blocks=1 txs=0 mgas=0.000 elapsed=5.778ms   mgasps=0.000 number=95 hash=db565f…e33f47 dirty=58.12KiB
INFO [04-11|14:41:46.159] Imported new chain segment               blocks=1 txs=0 mgas=0.000 elapsed=8.008ms   mgasps=0.000 number=96 hash=a066c1…1dd382 dirty=58.59KiB
INFO [04-11|14:41:46.361] Imported new chain segment               blocks=1 txs=0 mgas=0.000 elapsed=7.139ms   mgasps=0.000 number=97 hash=7dc53c…437eba dirty=59.07KiB
INFO [04-11|14:41:46.700] Imported new chain segment               blocks=1 txs=0 mgas=0.000 elapsed=4.533ms   mgasps=0.000 number=98 hash=2bdcc7…7a2a3a dirty=59.54KiB
INFO [04-11|14:41:46.700] Mining too far in the future             wait=2s
INFO [04-11|14:41:47.540] Imported new chain segment               blocks=1 txs=0 mgas=0.000 elapsed=3.837ms   mgasps=0.000 number=99 hash=00f7ff…46d3cb dirty=60.02KiB
INFO [04-11|14:41:49.926] Imported new chain segment               blocks=1 txs=0 mgas=0.000 elapsed=7.603ms   mgasps=0.000 number=100 hash=7074cb…d99b1c dirty=60.49KiB
INFO [04-11|14:41:51.672] Imported new chain segment               blocks=1 txs=0 mgas=0.000 elapsed=6.557ms   mgasps=0.000 number=101 hash=b2908e…11b2be dirty=60.96KiB
INFO [04-11|14:41:54.986] Imported new chain segment               blocks=1 txs=0 mgas=0.000 elapsed=6.715ms   mgasps=0.000 number=102 hash=671738…df2426 dirty=61.44KiB
INFO [04-11|14:41:55.031] Chain reorg detected                     number=101 hash=b2908e…11b2be drop=1  dropfrom=671738…df2426 add=1  addfrom=350229…0c07c3
INFO [04-11|14:41:55.031] Imported new chain segment               blocks=1 txs=0 mgas=0.000 elapsed=6.008ms   mgasps=0.000 number=102 hash=350229…0c07c3 dirty=61.91KiB
INFO [04-11|14:41:55.432] Chain reorg detected                     number=101 hash=b2908e…11b2be drop=1  dropfrom=350229…0c07c3 add=2  addfrom=df7562…5ed2d0
INFO [04-11|14:41:55.432] Imported new chain segment               blocks=1 txs=0 mgas=0.000 elapsed=5.460ms   mgasps=0.000 number=103 hash=df7562…5ed2d0 dirty=62.39KiB
INFO [04-11|14:41:55.531] Chain reorg detected                     number=101 hash=b2908e…11b2be drop=2  dropfrom=df7562…5ed2d0 add=2  addfrom=f75610…39e70e
INFO [04-11|14:41:55.531] Imported new chain segment               blocks=1 txs=0 mgas=0.000 elapsed=11.326ms  mgasps=0.000 number=103 hash=f75610…39e70e dirty=63.10KiB
INFO [04-11|14:41:57.338] Chain reorg detected                     number=101 hash=b2908e…11b2be drop=2  dropfrom=f75610…39e70e add=3  addfrom=47e124…f0cce3
INFO [04-11|14:41:57.339] Imported new chain segment               blocks=1 txs=0 mgas=0.000 elapsed=10.723ms  mgasps=0.000 number=104 hash=47e124…f0cce3 dirty=63.81KiB
INFO [04-11|14:41:57.483] Imported new chain segment               blocks=1 txs=0 mgas=0.000 elapsed=6.602ms   mgasps=0.000 number=105 hash=50aa7f…d2500a dirty=64.29KiB
INFO [04-11|14:41:58.252] Imported new chain segment               blocks=1 txs=0 mgas=0.000 elapsed=5.055ms   mgasps=0.000 number=106 hash=62c31f…fa7753 dirty=64.76KiB
INFO [04-11|14:41:58.894] Imported new chain segment               blocks=1 txs=0 mgas=0.000 elapsed=4.646ms   mgasps=0.000 number=107 hash=4e5e1b…34b3eb dirty=65.24KiB
INFO [04-11|14:41:58.894] Mining too far in the future             wait=2s
INFO [04-11|14:41:59.105] Chain reorg detected                     number=106 hash=62c31f…fa7753 drop=1  dropfrom=4e5e1b…34b3eb add=1  addfrom=ccfef3…6aff5a
INFO [04-11|14:41:59.105] Imported new chain segment               blocks=1 txs=0 mgas=0.000 elapsed=5.014ms   mgasps=0.000 number=107 hash=ccfef3…6aff5a dirty=65.71KiB
INFO [04-11|14:42:01.190] Chain reorg detected                     number=106 hash=62c31f…fa7753 drop=1  dropfrom=ccfef3…6aff5a add=2  addfrom=90013c…32ae1f
INFO [04-11|14:42:01.190] Imported new chain segment               blocks=1 txs=0 mgas=0.000 elapsed=11.197ms  mgasps=0.000 number=108 hash=90013c…32ae1f dirty=66.42KiB
INFO [04-11|14:42:02.349] Imported new chain segment               blocks=1 txs=0 mgas=0.000 elapsed=7.916ms   mgasps=0.000 number=109 hash=97a6d5…ced5ed dirty=66.90KiB
INFO [04-11|14:42:02.460] Imported new chain segment               blocks=1 txs=0 mgas=0.000 elapsed=6.389ms   mgasps=0.000 number=110 hash=f680df…9aad3b dirty=67.37KiB
INFO [04-11|14:42:05.363] Imported new chain segment               blocks=1 txs=0 mgas=0.000 elapsed=4.880ms   mgasps=0.000 number=111 hash=fd0e8d…bd15d0 dirty=67.85KiB
INFO [04-11|14:42:06.854] Imported new chain segment               blocks=1 txs=0 mgas=0.000 elapsed=6.514ms   mgasps=0.000 number=112 hash=9c5447…f841d9 dirty=68.32KiB
INFO [04-11|14:42:06.976] Imported new chain segment               blocks=1 txs=0 mgas=0.000 elapsed=7.167ms   mgasps=0.000 number=113 hash=48622a…75cd4c dirty=68.80KiB
INFO [04-11|14:42:07.249] Imported new chain segment               blocks=1 txs=0 mgas=0.000 elapsed=6.786ms   mgasps=0.000 number=114 hash=302790…9d819b dirty=69.27KiB
INFO [04-11|14:42:11.323] Imported new chain segment               blocks=1 txs=0 mgas=0.000 elapsed=6.623ms   mgasps=0.000 number=115 hash=18e7cf…aaf578 dirty=69.75KiB
INFO [04-11|14:42:11.381] Imported new chain segment               blocks=1 txs=0 mgas=0.000 elapsed=5.180ms   mgasps=0.000 number=116 hash=03b64d…f9c652 dirty=70.22KiB
INFO [04-11|14:42:12.144] Imported new chain segment               blocks=1 txs=0 mgas=0.000 elapsed=5.821ms   mgasps=0.000 number=117 hash=cf0d52…818c5b dirty=70.69KiB
INFO [04-11|14:42:13.561] Imported new chain segment               blocks=1 txs=0 mgas=0.000 elapsed=4.688ms   mgasps=0.000 number=118 hash=a19564…6a1025 dirty=71.17KiB
INFO [04-11|14:42:15.234] Imported new chain segment               blocks=1 txs=0 mgas=0.000 elapsed=5.955ms   mgasps=0.000 number=119 hash=f675d0…3b1105 dirty=71.64KiB
INFO [04-11|14:42:15.290] Imported new chain segment               blocks=1 txs=0 mgas=0.000 elapsed=6.228ms   mgasps=0.000 number=120 hash=e3770e…e4ed37 dirty=72.12KiB
INFO [04-11|14:42:15.840] Imported new chain segment               blocks=1 txs=0 mgas=0.000 elapsed=8.006ms   mgasps=0.000 number=121 hash=9a506e…d97ed7 dirty=72.59KiB
INFO [04-11|14:42:15.840] Mining too far in the future             wait=2s
INFO [04-11|14:42:18.715] Imported new chain segment               blocks=1 txs=0 mgas=0.000 elapsed=5.548ms   mgasps=0.000 number=122 hash=7d2432…45f3f5 dirty=73.07KiB
INFO [04-11|14:42:20.951] Imported new chain segment               blocks=1 txs=0 mgas=0.000 elapsed=5.791ms   mgasps=0.000 number=123 hash=08d0c9…9b0537 dirty=73.54KiB
INFO [04-11|14:42:21.439] Imported new chain segment               blocks=1 txs=0 mgas=0.000 elapsed=5.806ms   mgasps=0.000 number=124 hash=bef226…af8d97 dirty=74.02KiB
INFO [04-11|14:42:22.152] Imported new chain segment               blocks=1 txs=0 mgas=0.000 elapsed=6.210ms   mgasps=0.000 number=125 hash=e184c7…29a04c dirty=74.49KiB
INFO [04-11|14:42:22.213] Imported new chain segment               blocks=1 txs=0 mgas=0.000 elapsed=7.212ms   mgasps=0.000 number=126 hash=fe7659…12eea2 dirty=74.97KiB
INFO [04-11|14:42:22.577] Imported new chain segment               blocks=1 txs=0 mgas=0.000 elapsed=9.021ms   mgasps=0.000 number=127 hash=0acf50…4eb1ec dirty=75.44KiB
INFO [04-11|14:42:22.577] Mining too far in the future             wait=2s
INFO [04-11|14:42:25.179] Imported new chain segment               blocks=1 txs=0 mgas=0.000 elapsed=6.365ms   mgasps=0.000 number=128 hash=eca4fd…950ad0 dirty=75.92KiB
INFO [04-11|14:42:25.347] Imported new chain segment               blocks=1 txs=0 mgas=0.000 elapsed=7.929ms   mgasps=0.000 number=129 hash=8e99f0…dc2739 dirty=75.92KiB
INFO [04-11|14:42:26.274] Imported new chain segment               blocks=1 txs=0 mgas=0.000 elapsed=5.267ms   mgasps=0.000 number=130 hash=415120…0d3a29 dirty=75.92KiB
INFO [04-11|14:42:27.643] Imported new chain segment               blocks=1 txs=0 mgas=0.000 elapsed=5.176ms   mgasps=0.000 number=131 hash=f9d69d…2d918c dirty=76.15KiB
INFO [04-11|14:42:28.095] Chain reorg detected                     number=130 hash=415120…0d3a29 drop=1  dropfrom=f9d69d…2d918c add=1  addfrom=7c9944…82dca7
INFO [04-11|14:42:28.095] Imported new chain segment               blocks=1 txs=0 mgas=0.000 elapsed=6.436ms   mgasps=0.000 number=131 hash=7c9944…82dca7 dirty=76.63KiB
INFO [04-11|14:42:28.592] Chain reorg detected                     number=130 hash=415120…0d3a29 drop=1  dropfrom=7c9944…82dca7 add=2  addfrom=30a968…22e1f6
INFO [04-11|14:42:28.592] Imported new chain segment               blocks=1 txs=0 mgas=0.000 elapsed=14.815ms  mgasps=0.000 number=132 hash=30a968…22e1f6 dirty=76.63KiB
INFO [04-11|14:42:30.674] Imported new chain segment               blocks=1 txs=0 mgas=0.000 elapsed=17.023ms  mgasps=0.000 number=133 hash=38a5f0…e7c1ef dirty=76.39KiB
INFO [04-11|14:42:31.479] Imported new chain segment               blocks=1 txs=0 mgas=0.000 elapsed=6.265ms   mgasps=0.000 number=134 hash=e1a3ce…5f4818 dirty=76.16KiB
INFO [04-11|14:42:31.724] Imported new chain segment               blocks=1 txs=0 mgas=0.000 elapsed=5.660ms   mgasps=0.000 number=135 hash=ed1818…4256c8 dirty=75.45KiB
INFO [04-11|14:42:32.593] Imported new chain segment               blocks=1 txs=0 mgas=0.000 elapsed=5.838ms   mgasps=0.000 number=136 hash=a6ec87…1f5723 dirty=75.21KiB
INFO [04-11|14:42:34.881] Imported new chain segment               blocks=1 txs=0 mgas=0.000 elapsed=4.865ms   mgasps=0.000 number=137 hash=f971ba…46dda2 dirty=74.98KiB
INFO [04-11|14:42:36.567] Imported new chain segment               blocks=1 txs=0 mgas=0.000 elapsed=5.158ms   mgasps=0.000 number=138 hash=9e5f0d…5ff5e4 dirty=74.74KiB
INFO [04-11|14:42:36.778] Imported new chain segment               blocks=1 txs=0 mgas=0.000 elapsed=4.956ms   mgasps=0.000 number=138 hash=5515fa…4fff92 dirty=75.21KiB
INFO [04-11|14:42:36.840] Imported new chain segment               blocks=1 txs=0 mgas=0.000 elapsed=6.486ms   mgasps=0.000 number=139 hash=39fa8f…6d86c8 dirty=74.74KiB
INFO [04-11|14:42:37.869] Imported new chain segment               blocks=1 txs=0 mgas=0.000 elapsed=10.072ms  mgasps=0.000 number=140 hash=1fa88d…890b69 dirty=74.50KiB
INFO [04-11|14:42:38.263] Imported new chain segment               blocks=1 txs=0 mgas=0.000 elapsed=5.066ms   mgasps=0.000 number=141 hash=64eb25…8500f3 dirty=74.03KiB
INFO [04-11|14:42:38.558] Imported new chain segment               blocks=1 txs=0 mgas=0.000 elapsed=8.606ms   mgasps=0.000 number=139 hash=e199a2…5829be dirty=74.74KiB
INFO [04-11|14:42:38.643] Imported new chain segment               blocks=1 txs=0 mgas=0.000 elapsed=5.015ms   mgasps=0.000 number=140 hash=b1c5b0…2fa34d dirty=75.21KiB
INFO [04-11|14:42:39.242] Imported new chain segment               blocks=1 txs=0 mgas=0.000 elapsed=6.062ms   mgasps=0.000 number=142 hash=a7c03e…8c3971 dirty=74.74KiB
INFO [04-11|14:42:40.095] Imported new chain segment               blocks=1 txs=0 mgas=0.000 elapsed=5.266ms   mgasps=0.000 number=143 hash=483a55…7c361a dirty=74.27KiB
INFO [04-11|14:42:40.315] Imported new chain segment               blocks=1 txs=0 mgas=0.000 elapsed=5.338ms   mgasps=0.000 number=141 hash=f32d30…fb5285 dirty=74.74KiB
INFO [04-11|14:42:40.510] Imported new chain segment               blocks=1 txs=0 mgas=0.000 elapsed=7.600ms   mgasps=0.000 number=142 hash=207bd1…83ee84 dirty=75.21KiB
INFO [04-11|14:42:40.724] Chain reorg detected                     number=137 hash=f971ba…46dda2 drop=6  dropfrom=483a55…7c361a add=6  addfrom=4da1c5…f0055d
INFO [04-11|14:42:40.724] Imported new chain segment               blocks=1 txs=0 mgas=0.000 elapsed=6.418ms   mgasps=0.000 number=143 hash=4da1c5…f0055d dirty=75.69KiB
INFO [04-11|14:42:40.724] Mining too far in the future             wait=2s
INFO [04-11|14:42:40.821] Chain reorg detected                     number=137 hash=f971ba…46dda2 drop=6  dropfrom=4da1c5…f0055d add=7  addfrom=e9795e…263a54
INFO [04-11|14:42:40.822] Imported new chain segment               blocks=1 txs=0 mgas=0.000 elapsed=4.161ms   mgasps=0.000 number=144 hash=e9795e…263a54 dirty=75.21KiB
INFO [04-11|14:42:42.927] Chain reorg detected                     number=137 hash=f971ba…46dda2 drop=7  dropfrom=e9795e…263a54 add=7  addfrom=581f8e…d19bbb
INFO [04-11|14:42:42.928] Imported new chain segment               blocks=1 txs=0 mgas=0.000 elapsed=11.021ms  mgasps=0.000 number=144 hash=581f8e…d19bbb dirty=75.69KiB
INFO [04-11|14:42:43.284] Imported new chain segment               blocks=1 txs=0 mgas=0.000 elapsed=6.081ms   mgasps=0.000 number=145 hash=a92187…cbf1e9 dirty=75.21KiB
INFO [04-11|14:42:44.080] Imported new chain segment               blocks=1 txs=0 mgas=0.000 elapsed=6.002ms   mgasps=0.000 number=146 hash=171703…aa1fee dirty=74.50KiB
INFO [04-11|14:42:44.309] Imported new chain segment               blocks=1 txs=0 mgas=0.000 elapsed=4.699ms   mgasps=0.000 number=147 hash=6179fd…695bba dirty=74.50KiB
INFO [04-11|14:42:44.309] Mining too far in the future             wait=2s
INFO [04-11|14:42:46.471] Chain reorg detected                     number=146 hash=171703…aa1fee drop=1  dropfrom=6179fd…695bba add=1  addfrom=b41995…9b6f50
INFO [04-11|14:42:46.471] Imported new chain segment               blocks=1 txs=0 mgas=0.000 elapsed=5.366ms   mgasps=0.000 number=147 hash=b41995…9b6f50 dirty=74.98KiB
INFO [04-11|14:42:47.329] Chain reorg detected                     number=146 hash=171703…aa1fee drop=1  dropfrom=b41995…9b6f50 add=2  addfrom=3e2cd2…5f206c
INFO [04-11|14:42:47.329] Imported new chain segment               blocks=1 txs=0 mgas=0.000 elapsed=11.970ms  mgasps=0.000 number=148 hash=3e2cd2…5f206c dirty=75.45KiB
INFO [04-11|14:42:47.831] Chain reorg detected                     number=146 hash=171703…aa1fee drop=2  dropfrom=3e2cd2…5f206c add=2  addfrom=cd67a6…61f1d8
INFO [04-11|14:42:47.831] Imported new chain segment               blocks=1 txs=0 mgas=0.000 elapsed=16.002ms  mgasps=0.000 number=148 hash=cd67a6…61f1d8 dirty=76.17KiB
INFO [04-11|14:42:49.011] Chain reorg detected                     number=146 hash=171703…aa1fee drop=2  dropfrom=cd67a6…61f1d8 add=3  addfrom=093e2b…46f63b
INFO [04-11|14:42:49.011] Imported new chain segment               blocks=1 txs=0 mgas=0.000 elapsed=6.352ms   mgasps=0.000 number=149 hash=093e2b…46f63b dirty=75.69KiB
INFO [04-11|14:42:49.686] Imported new chain segment               blocks=1 txs=0 mgas=0.000 elapsed=4.984ms   mgasps=0.000 number=150 hash=5cbf09…e90a75 dirty=75.22KiB
INFO [04-11|14:42:52.336] Imported new chain segment               blocks=1 txs=0 mgas=0.000 elapsed=6.704ms   mgasps=0.000 number=151 hash=0f7d31…44e5e9 dirty=74.98KiB
INFO [04-11|14:42:52.753] Chain reorg detected                     number=150 hash=5cbf09…e90a75 drop=1  dropfrom=0f7d31…44e5e9 add=1  addfrom=f1fab9…2ea00f
INFO [04-11|14:42:52.753] Imported new chain segment               blocks=1 txs=0 mgas=0.000 elapsed=4.941ms   mgasps=0.000 number=151 hash=f1fab9…2ea00f dirty=75.46KiB
INFO [04-11|14:42:53.479] Chain reorg detected                     number=150 hash=5cbf09…e90a75 drop=1  dropfrom=f1fab9…2ea00f add=2  addfrom=9352fb…ca4271
INFO [04-11|14:42:53.479] Imported new chain segment               blocks=1 txs=0 mgas=0.000 elapsed=11.814ms  mgasps=0.000 number=152 hash=9352fb…ca4271 dirty=75.69KiB
INFO [04-11|14:42:53.501] Imported new chain segment               blocks=1 txs=0 mgas=0.000 elapsed=6.846ms   mgasps=0.000 number=153 hash=50bffb…b6be20 dirty=75.69KiB
INFO [04-11|14:42:55.311] Imported new chain segment               blocks=1 txs=0 mgas=0.000 elapsed=4.907ms   mgasps=0.000 number=154 hash=933e88…58a545 dirty=75.70KiB
INFO [04-11|14:42:58.362] Imported new chain segment               blocks=1 txs=0 mgas=0.000 elapsed=5.731ms   mgasps=0.000 number=155 hash=e25e3e…a438a5 dirty=75.93KiB
INFO [04-11|14:42:58.535] Imported new chain segment               blocks=1 txs=0 mgas=0.000 elapsed=4.385ms   mgasps=0.000 number=156 hash=1cef62…edbfba dirty=75.22KiB
INFO [04-11|14:42:59.974] Imported new chain segment               blocks=1 txs=0 mgas=0.000 elapsed=4.853ms   mgasps=0.000 number=157 hash=0adbff…eda4a1 dirty=74.99KiB
INFO [04-11|14:43:00.781] Imported new chain segment               blocks=1 txs=0 mgas=0.000 elapsed=6.694ms   mgasps=0.000 number=158 hash=9ed4cd…584512 dirty=74.99KiB
INFO [04-11|14:43:01.043] Imported new chain segment               blocks=1 txs=0 mgas=0.000 elapsed=5.058ms   mgasps=0.000 number=158 hash=320886…7d206a dirty=75.46KiB
INFO [04-11|14:43:01.461] Imported new chain segment               blocks=1 txs=0 mgas=0.000 elapsed=12.035ms  mgasps=0.000 number=159 hash=4e7208…d3443a dirty=75.70KiB
INFO [04-11|14:43:03.558] Imported new chain segment               blocks=1 txs=0 mgas=0.000 elapsed=5.095ms   mgasps=0.000 number=160 hash=ce0c44…9095dc dirty=75.70KiB
INFO [04-11|14:43:04.573] Imported new chain segment               blocks=1 txs=0 mgas=0.000 elapsed=4.982ms   mgasps=0.000 number=161 hash=5bbb84…97d38b dirty=75.70KiB
INFO [04-11|14:43:04.967] Imported new chain segment               blocks=1 txs=0 mgas=0.000 elapsed=6.959ms   mgasps=0.000 number=161 hash=cac092…6cdb68 dirty=76.17KiB
INFO [04-11|14:43:06.384] Imported new chain segment               blocks=1 txs=0 mgas=0.000 elapsed=9.612ms   mgasps=0.000 number=162 hash=ec72c7…b73d21 dirty=76.41KiB
INFO [04-11|14:43:07.265] Imported new chain segment               blocks=1 txs=0 mgas=0.000 elapsed=5.418ms   mgasps=0.000 number=163 hash=caa12f…777606 dirty=76.41KiB
INFO [04-11|14:43:07.516] Chain reorg detected                     number=162 hash=ec72c7…b73d21 drop=1  dropfrom=caa12f…777606 add=1  addfrom=72c66d…fbb88e
INFO [04-11|14:43:07.516] Imported new chain segment               blocks=1 txs=0 mgas=0.000 elapsed=6.044ms   mgasps=0.000 number=163 hash=72c66d…fbb88e dirty=76.89KiB
INFO [04-11|14:43:08.435] Chain reorg detected                     number=162 hash=ec72c7…b73d21 drop=1  dropfrom=72c66d…fbb88e add=2  addfrom=13c582…b2c794
INFO [04-11|14:43:08.436] Imported new chain segment               blocks=1 txs=0 mgas=0.000 elapsed=10.323ms  mgasps=0.000 number=164 hash=13c582…b2c794 dirty=77.12KiB
INFO [04-11|14:43:08.928] Imported new chain segment               blocks=1 txs=0 mgas=0.000 elapsed=6.520ms   mgasps=0.000 number=165 hash=dfedbd…002137 dirty=77.12KiB
INFO [04-11|14:43:09.133] Chain reorg detected                     number=164 hash=13c582…b2c794 drop=1  dropfrom=dfedbd…002137 add=1  addfrom=4e4176…7583c1
INFO [04-11|14:43:09.133] Imported new chain segment               blocks=1 txs=0 mgas=0.000 elapsed=4.853ms   mgasps=0.000 number=165 hash=4e4176…7583c1 dirty=77.60KiB
INFO [04-11|14:43:10.785] Imported new chain segment               blocks=1 txs=0 mgas=0.000 elapsed=12.352ms  mgasps=0.000 number=166 hash=db7bed…636269 dirty=77.84KiB
INFO [04-11|14:43:10.995] Imported new chain segment               blocks=1 txs=0 mgas=0.000 elapsed=12.288ms  mgasps=0.000 number=166 hash=a14068…d070fb dirty=78.55KiB
INFO [04-11|14:43:11.836] Imported new chain segment               blocks=1 txs=0 mgas=0.000 elapsed=9.792ms   mgasps=0.000 number=167 hash=15abb5…358b6c dirty=78.55KiB
INFO [04-11|14:43:12.800] Imported new chain segment               blocks=1 txs=0 mgas=0.000 elapsed=7.761ms   mgasps=0.000 number=168 hash=324990…a881a7 dirty=78.79KiB
INFO [04-11|14:43:13.103] Imported new chain segment               blocks=1 txs=0 mgas=0.000 elapsed=5.918ms   mgasps=0.000 number=169 hash=44491c…2ece0a dirty=77.84KiB
INFO [04-11|14:43:13.842] Imported new chain segment               blocks=1 txs=0 mgas=0.000 elapsed=5.110ms   mgasps=0.000 number=170 hash=bfe8d7…244537 dirty=77.84KiB
INFO [04-11|14:43:13.842] Mining too far in the future             wait=2s
INFO [04-11|14:43:14.690] Imported new chain segment               blocks=1 txs=0 mgas=0.000 elapsed=4.532ms   mgasps=0.000 number=171 hash=184d70…65120c dirty=77.84KiB
INFO [04-11|14:43:17.779] Imported new chain segment               blocks=1 txs=0 mgas=0.000 elapsed=5.396ms   mgasps=0.000 number=172 hash=e39122…fbb9af dirty=77.84KiB
INFO [04-11|14:43:17.977] Imported new chain segment               blocks=1 txs=0 mgas=0.000 elapsed=6.468ms   mgasps=0.000 number=173 hash=f1876b…d426fb dirty=77.84KiB
INFO [04-11|14:43:19.119] Imported new chain segment               blocks=1 txs=0 mgas=0.000 elapsed=6.704ms   mgasps=0.000 number=174 hash=1de683…2e45f1 dirty=77.84KiB
INFO [04-11|14:43:19.791] Imported new chain segment               blocks=1 txs=0 mgas=0.000 elapsed=12.708ms  mgasps=0.000 number=175 hash=b8001c…038fde dirty=77.84KiB
INFO [04-11|14:43:19.866] Imported new chain segment               blocks=1 txs=0 mgas=0.000 elapsed=5.956ms   mgasps=0.000 number=176 hash=af82aa…f751cd dirty=77.84KiB
INFO [04-11|14:43:19.866] Mining too far in the future             wait=2s
INFO [04-11|14:43:19.879] Imported new chain segment               blocks=1 txs=0 mgas=0.000 elapsed=6.996ms   mgasps=0.000 number=175 hash=d0a65f…e11eb6 dirty=78.31KiB
INFO [04-11|14:43:22.190] Imported new chain segment               blocks=1 txs=0 mgas=0.000 elapsed=11.491ms  mgasps=0.000 number=177 hash=b6f054…86ab40 dirty=78.55KiB
INFO [04-11|14:43:22.378] Imported new chain segment               blocks=1 txs=0 mgas=0.000 elapsed=11.730ms  mgasps=0.000 number=176 hash=876239…88103c dirty=79.26KiB
INFO [04-11|14:43:22.517] Imported new chain segment               blocks=1 txs=0 mgas=0.000 elapsed=6.328ms   mgasps=0.000 number=178 hash=0b3066…2561cb dirty=79.26KiB
INFO [04-11|14:43:22.580] Imported new chain segment               blocks=1 txs=0 mgas=0.000 elapsed=6.023ms   mgasps=0.000 number=179 hash=d77501…000ecb dirty=79.26KiB
INFO [04-11|14:43:22.580] Mining too far in the future             wait=2s
INFO [04-11|14:43:25.950] Imported new chain segment               blocks=1 txs=0 mgas=0.000 elapsed=5.520ms   mgasps=0.000 number=177 hash=78155f…320c5b dirty=79.73KiB
INFO [04-11|14:43:28.995] Imported new chain segment               blocks=1 txs=0 mgas=0.000 elapsed=6.867ms   mgasps=0.000 number=178 hash=c95a67…a2c25d dirty=80.21KiB
INFO [04-11|14:43:29.238] Chain reorg detected                     number=174 hash=1de683…2e45f1 drop=5  dropfrom=d77501…000ecb add=5  addfrom=92ba0e…a33eac
INFO [04-11|14:43:29.239] Imported new chain segment               blocks=1 txs=0 mgas=0.000 elapsed=5.212ms   mgasps=0.000 number=179 hash=92ba0e…a33eac dirty=80.68KiB
INFO [04-11|14:43:29.999] Chain reorg detected                     number=174 hash=1de683…2e45f1 drop=5  dropfrom=92ba0e…a33eac add=6  addfrom=26b0a8…a4af15
INFO [04-11|14:43:29.999] Imported new chain segment               blocks=1 txs=0 mgas=0.000 elapsed=6.660ms   mgasps=0.000 number=180 hash=26b0a8…a4af15 dirty=80.68KiB
INFO [04-11|14:43:30.032] Chain reorg detected                     number=174 hash=1de683…2e45f1 drop=6  dropfrom=26b0a8…a4af15 add=6  addfrom=6e2275…d75681
INFO [04-11|14:43:30.032] Imported new chain segment               blocks=1 txs=0 mgas=0.000 elapsed=5.855ms   mgasps=0.000 number=180 hash=6e2275…d75681 dirty=81.16KiB
INFO [04-11|14:43:30.204] Chain reorg detected                     number=174 hash=1de683…2e45f1 drop=6  dropfrom=6e2275…d75681 add=7  addfrom=dde43a…7f4e52
INFO [04-11|14:43:30.204] Imported new chain segment               blocks=1 txs=0 mgas=0.000 elapsed=6.411ms   mgasps=0.000 number=181 hash=dde43a…7f4e52 dirty=81.16KiB
INFO [04-11|14:43:30.391] Imported new chain segment               blocks=1 txs=0 mgas=0.000 elapsed=6.775ms   mgasps=0.000 number=182 hash=6d105e…407b0a dirty=81.16KiB
INFO [04-11|14:43:31.482] Imported new chain segment               blocks=1 txs=0 mgas=0.000 elapsed=6.279ms   mgasps=0.000 number=181 hash=589b65…5cd605 dirty=81.63KiB
INFO [04-11|14:43:31.940] Chain reorg detected                     number=174 hash=1de683…2e45f1 drop=8  dropfrom=6d105e…407b0a add=8  addfrom=85002d…66ba95
INFO [04-11|14:43:31.941] Imported new chain segment               blocks=1 txs=0 mgas=0.000 elapsed=6.622ms   mgasps=0.000 number=182 hash=85002d…66ba95 dirty=82.11KiB
INFO [04-11|14:43:35.004] Imported new chain segment               blocks=1 txs=0 mgas=0.000 elapsed=7.444ms   mgasps=0.000 number=183 hash=683a5d…095d71 dirty=82.11KiB
INFO [04-11|14:43:35.866] Imported new chain segment               blocks=1 txs=0 mgas=0.000 elapsed=5.472ms   mgasps=0.000 number=184 hash=d09524…33ebe8 dirty=82.11KiB
INFO [04-11|14:43:37.475] Imported new chain segment               blocks=1 txs=0 mgas=0.000 elapsed=7.296ms   mgasps=0.000 number=185 hash=ff61cd…b6fb74 dirty=82.11KiB
INFO [04-11|14:43:37.628] Imported new chain segment               blocks=1 txs=0 mgas=0.000 elapsed=6.814ms   mgasps=0.000 number=186 hash=216a83…c0c01b dirty=82.34KiB
INFO [04-11|14:43:38.275] Imported new chain segment               blocks=1 txs=0 mgas=0.000 elapsed=6.189ms   mgasps=0.000 number=187 hash=d84ef5…8acae0 dirty=81.63KiB
INFO [04-11|14:43:40.420] Imported new chain segment               blocks=1 txs=0 mgas=0.000 elapsed=6.658ms   mgasps=0.000 number=188 hash=190c64…388bf8 dirty=81.40KiB
INFO [04-11|14:43:41.045] Imported new chain segment               blocks=1 txs=0 mgas=0.000 elapsed=5.639ms   mgasps=0.000 number=189 hash=2976b5…e43836 dirty=81.40KiB
INFO [04-11|14:43:41.802] Imported new chain segment               blocks=1 txs=0 mgas=0.000 elapsed=6.793ms   mgasps=0.000 number=190 hash=a867d2…2ccbe1 dirty=81.40KiB
INFO [04-11|14:43:41.880] Chain reorg detected                     number=189 hash=2976b5…e43836 drop=1  dropfrom=a867d2…2ccbe1 add=1  addfrom=eba38a…d2dcf7
INFO [04-11|14:43:41.880] Imported new chain segment               blocks=1 txs=0 mgas=0.000 elapsed=6.857ms   mgasps=0.000 number=190 hash=eba38a…d2dcf7 dirty=81.87KiB
INFO [04-11|14:43:42.019] Imported new chain segment               blocks=1 txs=0 mgas=0.000 elapsed=6.864ms   mgasps=0.000 number=191 hash=fcf675…4264ff dirty=81.87KiB
INFO [04-11|14:43:45.018] Imported new chain segment               blocks=1 txs=0 mgas=0.000 elapsed=11.133ms  mgasps=0.000 number=192 hash=899560…8e11bc dirty=81.87KiB
INFO [04-11|14:43:45.333] Imported new chain segment               blocks=1 txs=0 mgas=0.000 elapsed=12.487ms  mgasps=0.000 number=192 hash=7ffb36…b01897 dirty=82.58KiB
INFO [04-11|14:43:46.921] Imported new chain segment               blocks=1 txs=0 mgas=0.000 elapsed=10.943ms  mgasps=0.000 number=193 hash=1c7d29…c63027 dirty=82.82KiB
INFO [04-11|14:43:49.144] Imported new chain segment               blocks=1 txs=0 mgas=0.000 elapsed=7.005ms   mgasps=0.000 number=194 hash=99e6d7…cf139a dirty=83.06KiB
INFO [04-11|14:43:50.177] Imported new chain segment               blocks=1 txs=0 mgas=0.000 elapsed=6.167ms   mgasps=0.000 number=195 hash=09df88…428e1a dirty=82.11KiB
INFO [04-11|14:43:50.481] Imported new chain segment               blocks=1 txs=0 mgas=0.000 elapsed=5.562ms   mgasps=0.000 number=195 hash=dc628d…26ef70 dirty=82.58KiB
INFO [04-11|14:43:50.681] Chain reorg detected                     number=194 hash=99e6d7…cf139a drop=1  dropfrom=09df88…428e1a add=2  addfrom=c70692…da2f1e
INFO [04-11|14:43:50.681] Imported new chain segment               blocks=1 txs=0 mgas=0.000 elapsed=4.815ms   mgasps=0.000 number=196 hash=c70692…da2f1e dirty=82.58KiB
INFO [04-11|14:43:51.364] Imported new chain segment               blocks=1 txs=0 mgas=0.000 elapsed=14.906ms  mgasps=0.000 number=197 hash=d03d95…67904a dirty=83.06KiB
INFO [04-11|14:43:52.119] Imported new chain segment               blocks=1 txs=0 mgas=0.000 elapsed=5.628ms   mgasps=0.000 number=198 hash=18f24d…9c713a dirty=82.11KiB
INFO [04-11|14:43:52.942] Imported new chain segment               blocks=1 txs=0 mgas=0.000 elapsed=6.520ms   mgasps=0.000 number=199 hash=64ae45…2f0b9e dirty=82.11KiB
INFO [04-11|14:43:52.942] Mining too far in the future             wait=2s
INFO [04-11|14:43:54.097] Imported new chain segment               blocks=1 txs=0 mgas=0.000 elapsed=4.406ms   mgasps=0.000 number=200 hash=750ffd…e221c8 dirty=82.11KiB
INFO [04-11|14:43:57.118] Imported new chain segment               blocks=1 txs=0 mgas=0.000 elapsed=4.961ms   mgasps=0.000 number=201 hash=581348…e54472 dirty=82.11KiB
INFO [04-11|14:43:58.983] Imported new chain segment               blocks=1 txs=0 mgas=0.000 elapsed=14.463ms  mgasps=0.000 number=202 hash=e1761e…c36c4d dirty=82.11KiB
INFO [04-11|14:43:59.366] Imported new chain segment               blocks=1 txs=0 mgas=0.000 elapsed=6.342ms   mgasps=0.000 number=202 hash=783180…857370 dirty=82.58KiB
INFO [04-11|14:44:00.603] Chain reorg detected                     number=201 hash=581348…e54472 drop=1  dropfrom=e1761e…c36c4d add=2  addfrom=21c0cf…d285bb
INFO [04-11|14:44:00.603] Imported new chain segment               blocks=1 txs=0 mgas=0.000 elapsed=10.490ms  mgasps=0.000 number=203 hash=21c0cf…d285bb dirty=82.82KiB
INFO [04-11|14:44:01.331] Imported new chain segment               blocks=1 txs=0 mgas=0.000 elapsed=7.731ms   mgasps=0.000 number=204 hash=b6b8ed…bc82fc dirty=82.82KiB
INFO [04-11|14:44:03.439] Imported new chain segment               blocks=1 txs=0 mgas=0.000 elapsed=8.093ms   mgasps=0.000 number=205 hash=2069c6…7f1994 dirty=82.82KiB
INFO [04-11|14:44:04.734] Imported new chain segment               blocks=1 txs=0 mgas=0.000 elapsed=7.136ms   mgasps=0.000 number=206 hash=9bdf17…15ae32 dirty=82.82KiB
INFO [04-11|14:44:05.272] Chain reorg detected                     number=205 hash=2069c6…7f1994 drop=1  dropfrom=9bdf17…15ae32 add=1  addfrom=15810d…5febc0
INFO [04-11|14:44:05.272] Imported new chain segment               blocks=1 txs=0 mgas=0.000 elapsed=5.177ms   mgasps=0.000 number=206 hash=15810d…5febc0 dirty=83.29KiB
INFO [04-11|14:44:07.168] Imported new chain segment               blocks=1 txs=0 mgas=0.000 elapsed=12.127ms  mgasps=0.000 number=207 hash=e74d6e…b5b250 dirty=83.53KiB
INFO [04-11|14:44:07.275] Imported new chain segment               blocks=1 txs=0 mgas=0.000 elapsed=5.829ms   mgasps=0.000 number=208 hash=5c9f12…ee8fbf dirty=83.53KiB
INFO [04-11|14:44:08.417] Imported new chain segment               blocks=1 txs=0 mgas=0.000 elapsed=5.262ms   mgasps=0.000 number=209 hash=71435e…e46e93 dirty=83.77KiB
INFO [04-11|14:44:09.270] Imported new chain segment               blocks=1 txs=0 mgas=0.000 elapsed=4.849ms   mgasps=0.000 number=210 hash=dc7f2b…484781 dirty=83.06KiB
INFO [04-11|14:44:10.358] Imported new chain segment               blocks=1 txs=0 mgas=0.000 elapsed=4.697ms   mgasps=0.000 number=211 hash=09d7f2…9dd4c1 dirty=82.58KiB
INFO [04-11|14:44:10.630] Imported new chain segment               blocks=1 txs=0 mgas=0.000 elapsed=6.109ms   mgasps=0.000 number=212 hash=df04aa…9fd54f dirty=81.87KiB
INFO [04-11|14:44:10.630] Mining too far in the future             wait=2s
INFO [04-11|14:44:12.815] Imported new chain segment               blocks=1 txs=0 mgas=0.000 elapsed=5.160ms   mgasps=0.000 number=213 hash=9bd96a…0d6d85 dirty=81.87KiB
INFO [04-11|14:44:13.746] Imported new chain segment               blocks=1 txs=0 mgas=0.000 elapsed=5.928ms   mgasps=0.000 number=214 hash=bb1e23…e1784a dirty=81.87KiB
INFO [04-11|14:44:16.045] Imported new chain segment               blocks=1 txs=0 mgas=0.000 elapsed=5.224ms   mgasps=0.000 number=215 hash=d2378a…d481e7 dirty=82.11KiB
INFO [04-11|14:44:17.365] Imported new chain segment               blocks=1 txs=0 mgas=0.000 elapsed=5.744ms   mgasps=0.000 number=216 hash=19316d…3d0a1a dirty=81.16KiB
INFO [04-11|14:44:17.522] Chain reorg detected                     number=215 hash=d2378a…d481e7 drop=1  dropfrom=19316d…3d0a1a add=1  addfrom=a19ee8…8642fb
INFO [04-11|14:44:17.522] Imported new chain segment               blocks=1 txs=0 mgas=0.000 elapsed=4.676ms   mgasps=0.000 number=216 hash=a19ee8…8642fb dirty=81.63KiB
INFO [04-11|14:44:18.061] Chain reorg detected                     number=215 hash=d2378a…d481e7 drop=1  dropfrom=a19ee8…8642fb add=2  addfrom=067cd6…9a99da
INFO [04-11|14:44:18.061] Imported new chain segment               blocks=1 txs=0 mgas=0.000 elapsed=9.863ms   mgasps=0.000 number=217 hash=067cd6…9a99da dirty=81.87KiB
INFO [04-11|14:44:18.076] Imported new chain segment               blocks=1 txs=0 mgas=0.000 elapsed=6.151ms   mgasps=0.000 number=218 hash=c097a5…546d25 dirty=81.87KiB
INFO [04-11|14:44:21.896] Imported new chain segment               blocks=1 txs=0 mgas=0.000 elapsed=5.967ms   mgasps=0.000 number=219 hash=9102c0…57f7a2 dirty=81.87KiB
INFO [04-11|14:44:22.113] Imported new chain segment               blocks=1 txs=0 mgas=0.000 elapsed=5.520ms   mgasps=0.000 number=219 hash=4e956b…abdab5 dirty=82.34KiB
INFO [04-11|14:44:22.622] Chain reorg detected                     number=218 hash=c097a5…546d25 drop=1  dropfrom=9102c0…57f7a2 add=2  addfrom=3065de…4c5d42
INFO [04-11|14:44:22.622] Imported new chain segment               blocks=1 txs=0 mgas=0.000 elapsed=11.650ms  mgasps=0.000 number=220 hash=3065de…4c5d42 dirty=82.58KiB
INFO [04-11|14:44:22.978] Imported new chain segment               blocks=1 txs=0 mgas=0.000 elapsed=6.767ms   mgasps=0.000 number=221 hash=eb7c0a…8ec25f dirty=82.58KiB
INFO [04-11|14:44:22.978] Mining too far in the future             wait=2s
INFO [04-11|14:44:23.265] Imported new chain segment               blocks=1 txs=0 mgas=0.000 elapsed=5.547ms   mgasps=0.000 number=222 hash=f2215e…c20d5e dirty=82.58KiB
INFO [04-11|14:44:26.778] Imported new chain segment               blocks=1 txs=0 mgas=0.000 elapsed=6.259ms   mgasps=0.000 number=223 hash=87ff56…a6fe5c dirty=82.58KiB
INFO [04-11|14:44:26.879] Imported new chain segment               blocks=1 txs=0 mgas=0.000 elapsed=5.488ms   mgasps=0.000 number=224 hash=0b43aa…a3ab92 dirty=82.58KiB
INFO [04-11|14:44:27.971] Imported new chain segment               blocks=1 txs=0 mgas=0.000 elapsed=5.638ms   mgasps=0.000 number=225 hash=358a97…dcc975 dirty=82.58KiB
INFO [04-11|14:44:29.071] Imported new chain segment               blocks=1 txs=0 mgas=0.000 elapsed=5.014ms   mgasps=0.000 number=226 hash=c05b16…1e9564 dirty=82.58KiB
INFO [04-11|14:44:29.199] Imported new chain segment               blocks=1 txs=0 mgas=0.000 elapsed=5.056ms   mgasps=0.000 number=226 hash=6790f4…ef6407 dirty=83.06KiB
INFO [04-11|14:44:30.669] Chain reorg detected                     number=225 hash=358a97…dcc975 drop=1  dropfrom=c05b16…1e9564 add=2  addfrom=e104a6…2804ac
INFO [04-11|14:44:30.669] Imported new chain segment               blocks=1 txs=0 mgas=0.000 elapsed=12.023ms  mgasps=0.000 number=227 hash=e104a6…2804ac dirty=83.29KiB
INFO [04-11|14:44:32.693] Imported new chain segment               blocks=1 txs=0 mgas=0.000 elapsed=6.675ms   mgasps=0.000 number=228 hash=b1ed9d…e06e2e dirty=83.29KiB
INFO [04-11|14:44:33.475] Imported new chain segment               blocks=1 txs=0 mgas=0.000 elapsed=6.348ms   mgasps=0.000 number=229 hash=c3dd97…27d3ce dirty=83.53KiB
INFO [04-11|14:44:35.869] Imported new chain segment               blocks=1 txs=0 mgas=0.000 elapsed=6.212ms   mgasps=0.000 number=230 hash=39e4ac…fb827c dirty=82.82KiB
INFO [04-11|14:44:36.753] Imported new chain segment               blocks=1 txs=0 mgas=0.000 elapsed=6.025ms   mgasps=0.000 number=231 hash=55c0e0…4bf0f7 dirty=81.87KiB
INFO [04-11|14:44:37.671] Imported new chain segment               blocks=1 txs=0 mgas=0.000 elapsed=6.640ms   mgasps=0.000 number=232 hash=44b5a7…199b58 dirty=81.87KiB
INFO [04-11|14:44:38.700] Imported new chain segment               blocks=1 txs=0 mgas=0.000 elapsed=7.595ms   mgasps=0.000 number=233 hash=abf307…102c09 dirty=81.87KiB
INFO [04-11|14:44:38.947] Imported new chain segment               blocks=1 txs=0 mgas=0.000 elapsed=5.144ms   mgasps=0.000 number=234 hash=c2f6dc…76fee9 dirty=82.11KiB
INFO [04-11|14:44:39.633] Imported new chain segment               blocks=1 txs=0 mgas=0.000 elapsed=6.400ms   mgasps=0.000 number=235 hash=a4c5d4…696da3 dirty=81.16KiB
INFO [04-11|14:44:40.694] Imported new chain segment               blocks=1 txs=0 mgas=0.000 elapsed=6.776ms   mgasps=0.000 number=236 hash=e05901…992173 dirty=81.16KiB
INFO [04-11|14:44:40.827] Imported new chain segment               blocks=1 txs=0 mgas=0.000 elapsed=5.314ms   mgasps=0.000 number=237 hash=ee9bf7…802b08 dirty=81.16KiB
INFO [04-11|14:44:40.827] Mining too far in the future             wait=2s
INFO [04-11|14:44:43.003] Imported new chain segment               blocks=1 txs=0 mgas=0.000 elapsed=5.568ms   mgasps=0.000 number=238 hash=bcca56…b6bdc8 dirty=81.16KiB
INFO [04-11|14:44:43.565] Imported new chain segment               blocks=1 txs=0 mgas=0.000 elapsed=5.996ms   mgasps=0.000 number=239 hash=291ca4…ec5b9b dirty=81.16KiB
INFO [04-11|14:44:45.240] Imported new chain segment               blocks=1 txs=0 mgas=0.000 elapsed=5.047ms   mgasps=0.000 number=240 hash=cb6035…a79cb4 dirty=81.16KiB
INFO [04-11|14:44:46.999] Imported new chain segment               blocks=1 txs=0 mgas=0.000 elapsed=13.444ms  mgasps=0.000 number=241 hash=096407…080c1a dirty=81.16KiB
INFO [04-11|14:44:47.898] Imported new chain segment               blocks=1 txs=0 mgas=0.000 elapsed=6.050ms   mgasps=0.000 number=242 hash=4a2eb2…01f9a3 dirty=81.16KiB
INFO [04-11|14:44:48.099] Imported new chain segment               blocks=1 txs=0 mgas=0.000 elapsed=5.467ms   mgasps=0.000 number=243 hash=20d0e6…a4c598 dirty=81.16KiB
INFO [04-11|14:44:48.578] Imported new chain segment               blocks=1 txs=0 mgas=0.000 elapsed=4.614ms   mgasps=0.000 number=244 hash=c7ce3a…5cc17d dirty=81.16KiB
INFO [04-11|14:44:50.808] Imported new chain segment               blocks=1 txs=0 mgas=0.000 elapsed=4.703ms   mgasps=0.000 number=245 hash=e75d88…fc6cfd dirty=81.16KiB
INFO [04-11|14:44:52.019] Imported new chain segment               blocks=1 txs=0 mgas=0.000 elapsed=6.335ms   mgasps=0.000 number=246 hash=c7052f…909b5d dirty=81.16KiB
INFO [04-11|14:44:52.897] Imported new chain segment               blocks=1 txs=0 mgas=0.000 elapsed=4.814ms   mgasps=0.000 number=247 hash=3f3270…774392 dirty=81.16KiB
INFO [04-11|14:44:53.490] Imported new chain segment               blocks=1 txs=0 mgas=0.000 elapsed=9.105ms   mgasps=0.000 number=248 hash=69cdda…27c35d dirty=81.16KiB
INFO [04-11|14:44:53.922] Chain reorg detected                     number=247 hash=3f3270…774392 drop=1  dropfrom=69cdda…27c35d add=1  addfrom=ddc0a5…117d30
INFO [04-11|14:44:53.922] Imported new chain segment               blocks=1 txs=0 mgas=0.000 elapsed=7.774ms   mgasps=0.000 number=248 hash=ddc0a5…117d30 dirty=81.63KiB
INFO [04-11|14:44:53.967] Imported new chain segment               blocks=1 txs=0 mgas=0.000 elapsed=4.703ms   mgasps=0.000 number=249 hash=db8882…4fd4b4 dirty=81.63KiB
INFO [04-11|14:44:53.967] Mining too far in the future             wait=2s
INFO [04-11|14:44:54.665] Imported new chain segment               blocks=1 txs=0 mgas=0.000 elapsed=9.896ms   mgasps=0.000 number=249 hash=aae86a…4a666d dirty=82.34KiB
INFO [04-11|14:44:54.884] Chain reorg detected                     number=247 hash=3f3270…774392 drop=2  dropfrom=db8882…4fd4b4 add=3  addfrom=a40ce4…f8130a
INFO [04-11|14:44:54.884] Imported new chain segment               blocks=1 txs=0 mgas=0.000 elapsed=3.955ms   mgasps=0.000 number=250 hash=a40ce4…f8130a dirty=82.34KiB
INFO [04-11|14:44:56.660] Imported new chain segment               blocks=1 txs=0 mgas=0.000 elapsed=4.492ms   mgasps=0.000 number=251 hash=c3c70c…391ce2 dirty=82.34KiB
INFO [04-11|14:44:57.038] Chain reorg detected                     number=250 hash=a40ce4…f8130a drop=1  dropfrom=c3c70c…391ce2 add=1  addfrom=850d17…0c26ee
INFO [04-11|14:44:57.038] Imported new chain segment               blocks=1 txs=0 mgas=0.000 elapsed=5.012ms   mgasps=0.000 number=251 hash=850d17…0c26ee dirty=82.82KiB
INFO [04-11|14:44:57.231] Chain reorg detected                     number=250 hash=a40ce4…f8130a drop=1  dropfrom=850d17…0c26ee add=2  addfrom=588f91…4d0116
INFO [04-11|14:44:57.232] Imported new chain segment               blocks=1 txs=0 mgas=0.000 elapsed=5.049ms   mgasps=0.000 number=252 hash=588f91…4d0116 dirty=82.82KiB
INFO [04-11|14:44:58.299] Imported new chain segment               blocks=1 txs=0 mgas=0.000 elapsed=12.870ms  mgasps=0.000 number=253 hash=73d2ef…1d7a6f dirty=83.06KiB
INFO [04-11|14:44:58.498] Imported new chain segment               blocks=1 txs=0 mgas=0.000 elapsed=15.268ms  mgasps=0.000 number=253 hash=d51e53…7d7d52 dirty=83.53KiB
INFO [04-11|14:44:58.529] Imported new chain segment               blocks=1 txs=0 mgas=0.000 elapsed=4.729ms   mgasps=0.000 number=254 hash=58e2f7…50ca00 dirty=83.53KiB
INFO [04-11|14:44:58.529] Mining too far in the future             wait=2s
INFO [04-11|14:45:00.171] Imported new chain segment               blocks=1 txs=0 mgas=0.000 elapsed=8.918ms   mgasps=0.000 number=255 hash=a0ff68…19366c dirty=83.53KiB
INFO [04-11|14:45:02.119] Imported new chain segment               blocks=1 txs=0 mgas=0.000 elapsed=4.764ms   mgasps=0.000 number=256 hash=8ae0f7…fda981 dirty=83.53KiB
INFO [04-11|14:45:02.989] Imported new chain segment               blocks=1 txs=0 mgas=0.000 elapsed=5.843ms   mgasps=0.000 number=257 hash=7f1876…194fa4 dirty=83.53KiB
INFO [04-11|14:45:04.490] Imported new chain segment               blocks=1 txs=0 mgas=0.000 elapsed=5.234ms   mgasps=0.000 number=258 hash=a2eb8f…33e98c dirty=83.77KiB
INFO [04-11|14:45:05.359] Imported new chain segment               blocks=1 txs=0 mgas=0.000 elapsed=5.438ms   mgasps=0.000 number=259 hash=de87d0…149ddd dirty=82.82KiB
INFO [04-11|14:45:06.956] Imported new chain segment               blocks=1 txs=0 mgas=0.000 elapsed=4.973ms   mgasps=0.000 number=260 hash=41b206…d7f9bb dirty=82.82KiB
INFO [04-11|14:45:09.283] Imported new chain segment               blocks=1 txs=0 mgas=0.000 elapsed=4.964ms   mgasps=0.000 number=261 hash=c512b5…5c8989 dirty=82.82KiB
INFO [04-11|14:45:10.374] Imported new chain segment               blocks=1 txs=0 mgas=0.000 elapsed=4.583ms   mgasps=0.000 number=262 hash=7c3e7c…63f242 dirty=82.82KiB
INFO [04-11|14:45:10.827] Imported new chain segment               blocks=1 txs=0 mgas=0.000 elapsed=4.855ms   mgasps=0.000 number=263 hash=66febc…9baa20 dirty=82.82KiB
INFO [04-11|14:45:10.955] Imported new chain segment               blocks=1 txs=0 mgas=0.000 elapsed=5.280ms   mgasps=0.000 number=264 hash=771991…119515 dirty=82.82KiB
INFO [04-11|14:45:10.955] Mining too far in the future             wait=2s
INFO [04-11|14:45:11.978] Imported new chain segment               blocks=1 txs=0 mgas=0.000 elapsed=3.840ms   mgasps=0.000 number=265 hash=d239c8…ca37fc dirty=83.06KiB
INFO [04-11|14:45:14.366] Imported new chain segment               blocks=1 txs=0 mgas=0.000 elapsed=5.084ms   mgasps=0.000 number=266 hash=50fead…059740 dirty=82.34KiB
INFO [04-11|14:45:16.270] Imported new chain segment               blocks=1 txs=0 mgas=0.000 elapsed=5.046ms   mgasps=0.000 number=267 hash=1bbd2f…a0f8ff dirty=81.63KiB
INFO [04-11|14:45:17.350] Imported new chain segment               blocks=1 txs=0 mgas=0.000 elapsed=4.727ms   mgasps=0.000 number=268 hash=27f69f…392820 dirty=81.16KiB
INFO [04-11|14:45:18.419] Imported new chain segment               blocks=1 txs=0 mgas=0.000 elapsed=6.640ms   mgasps=0.000 number=269 hash=75049e…0a4a1b dirty=80.68KiB
INFO [04-11|14:45:19.268] Imported new chain segment               blocks=1 txs=0 mgas=0.000 elapsed=5.457ms   mgasps=0.000 number=270 hash=69732c…9aabae dirty=80.21KiB
INFO [04-11|14:45:20.857] Imported new chain segment               blocks=1 txs=0 mgas=0.000 elapsed=4.454ms   mgasps=0.000 number=271 hash=fa763c…a2511c dirty=79.73KiB
INFO [04-11|14:45:21.770] Imported new chain segment               blocks=1 txs=0 mgas=0.000 elapsed=5.165ms   mgasps=0.000 number=272 hash=49201d…05f463 dirty=79.02KiB
INFO [04-11|14:45:22.861] Imported new chain segment               blocks=1 txs=0 mgas=0.000 elapsed=4.999ms   mgasps=0.000 number=273 hash=6b3e71…9f4970 dirty=79.02KiB
INFO [04-11|14:45:23.917] Imported new chain segment               blocks=1 txs=0 mgas=0.000 elapsed=7.374ms   mgasps=0.000 number=274 hash=524234…1cdaaf dirty=79.26KiB
INFO [04-11|14:45:25.558] Imported new chain segment               blocks=1 txs=0 mgas=0.000 elapsed=6.407ms   mgasps=0.000 number=275 hash=c25bd4…430bc8 dirty=78.31KiB
INFO [04-11|14:45:26.353] Imported new chain segment               blocks=1 txs=0 mgas=0.000 elapsed=7.279ms   mgasps=0.000 number=276 hash=20f689…10fa0f dirty=77.60KiB
INFO [04-11|14:45:26.397] Chain reorg detected                     number=275 hash=c25bd4…430bc8 drop=1  dropfrom=20f689…10fa0f add=1  addfrom=bd8887…b9bb06
INFO [04-11|14:45:26.398] Imported new chain segment               blocks=1 txs=0 mgas=0.000 elapsed=6.911ms   mgasps=0.000 number=276 hash=bd8887…b9bb06 dirty=78.07KiB
INFO [04-11|14:45:27.273] Imported new chain segment               blocks=1 txs=0 mgas=0.000 elapsed=9.685ms   mgasps=0.000 number=277 hash=555977…f6d595 dirty=78.31KiB
INFO [04-11|14:45:29.782] Imported new chain segment               blocks=1 txs=0 mgas=0.000 elapsed=5.342ms   mgasps=0.000 number=278 hash=1604c5…a07681 dirty=78.55KiB
INFO [04-11|14:45:30.532] Imported new chain segment               blocks=1 txs=0 mgas=0.000 elapsed=5.328ms   mgasps=0.000 number=279 hash=7ab5a2…85c057 dirty=77.60KiB
INFO [04-11|14:45:31.719] Imported new chain segment               blocks=1 txs=0 mgas=0.000 elapsed=4.932ms   mgasps=0.000 number=280 hash=9e4b47…255307 dirty=77.60KiB
INFO [04-11|14:45:31.944] Chain reorg detected                     number=279 hash=7ab5a2…85c057 drop=1  dropfrom=9e4b47…255307 add=1  addfrom=b14b1e…f682e8
INFO [04-11|14:45:31.944] Imported new chain segment               blocks=1 txs=0 mgas=0.000 elapsed=5.388ms   mgasps=0.000 number=280 hash=b14b1e…f682e8 dirty=78.07KiB
INFO [04-11|14:45:31.952] Chain reorg detected                     number=279 hash=7ab5a2…85c057 drop=1  dropfrom=b14b1e…f682e8 add=2  addfrom=32f468…358d5d
INFO [04-11|14:45:31.952] Imported new chain segment               blocks=1 txs=0 mgas=0.000 elapsed=6.096ms   mgasps=0.000 number=281 hash=32f468…358d5d dirty=78.07KiB
INFO [04-11|14:45:33.268] Imported new chain segment               blocks=1 txs=0 mgas=0.000 elapsed=11.811ms  mgasps=0.000 number=282 hash=adde9e…92ab11 dirty=78.31KiB
INFO [04-11|14:45:33.335] Imported new chain segment               blocks=1 txs=0 mgas=0.000 elapsed=5.545ms   mgasps=0.000 number=283 hash=f4df3f…26ba28 dirty=78.31KiB
INFO [04-11|14:45:34.238] Imported new chain segment               blocks=1 txs=0 mgas=0.000 elapsed=4.768ms   mgasps=0.000 number=284 hash=edcaf9…8bf6ec dirty=78.31KiB
INFO [04-11|14:45:34.782] Imported new chain segment               blocks=1 txs=0 mgas=0.000 elapsed=4.692ms   mgasps=0.000 number=285 hash=e47571…f93f2e dirty=78.55KiB
INFO [04-11|14:45:34.782] Mining too far in the future             wait=2s
INFO [04-11|14:45:37.695] Imported new chain segment               blocks=1 txs=0 mgas=0.000 elapsed=4.597ms   mgasps=0.000 number=286 hash=b0245a…3025b4 dirty=77.60KiB
INFO [04-11|14:45:38.506] Imported new chain segment               blocks=1 txs=0 mgas=0.000 elapsed=5.254ms   mgasps=0.000 number=287 hash=3a7005…bc8ff5 dirty=77.60KiB
INFO [04-11|14:45:39.120] Imported new chain segment               blocks=1 txs=0 mgas=0.000 elapsed=14.248ms  mgasps=0.000 number=288 hash=459260…2b0729 dirty=77.84KiB
INFO [04-11|14:45:39.468] Imported new chain segment               blocks=1 txs=0 mgas=0.000 elapsed=4.794ms   mgasps=0.000 number=288 hash=e9eedd…143cdf dirty=78.31KiB
INFO [04-11|14:45:40.537] Imported new chain segment               blocks=1 txs=0 mgas=0.000 elapsed=10.486ms  mgasps=0.000 number=289 hash=70a9ad…e4f413 dirty=77.60KiB
INFO [04-11|14:45:41.664] Imported new chain segment               blocks=1 txs=0 mgas=0.000 elapsed=6.692ms   mgasps=0.000 number=290 hash=cec0f1…9d5653 dirty=77.84KiB
INFO [04-11|14:45:42.782] Imported new chain segment               blocks=1 txs=0 mgas=0.000 elapsed=5.015ms   mgasps=0.000 number=291 hash=e8614c…c3b905 dirty=76.89KiB
INFO [04-11|14:45:43.928] Imported new chain segment               blocks=1 txs=0 mgas=0.000 elapsed=5.691ms   mgasps=0.000 number=292 hash=93d34c…d5f3bb dirty=77.12KiB
INFO [04-11|14:45:44.624] Imported new chain segment               blocks=1 txs=0 mgas=0.000 elapsed=4.988ms   mgasps=0.000 number=293 hash=53ee02…6578cc dirty=76.17KiB
INFO [04-11|14:45:45.456] Imported new chain segment               blocks=1 txs=0 mgas=0.000 elapsed=6.075ms   mgasps=0.000 number=294 hash=88f077…3b7bf4 dirty=75.46KiB
INFO [04-11|14:45:46.615] Imported new chain segment               blocks=1 txs=0 mgas=0.000 elapsed=7.523ms   mgasps=0.000 number=295 hash=0cde4e…1f557a dirty=75.46KiB
INFO [04-11|14:45:48.336] Imported new chain segment               blocks=1 txs=0 mgas=0.000 elapsed=6.739ms   mgasps=0.000 number=296 hash=9298a1…dbb406 dirty=75.46KiB
INFO [04-11|14:45:50.181] Imported new chain segment               blocks=1 txs=0 mgas=0.000 elapsed=4.888ms   mgasps=0.000 number=297 hash=6fc649…5f39ec dirty=75.46KiB
INFO [04-11|14:45:51.070] Imported new chain segment               blocks=1 txs=0 mgas=0.000 elapsed=7.042ms   mgasps=0.000 number=298 hash=99c73c…04d879 dirty=75.46KiB
INFO [04-11|14:45:51.733] Imported new chain segment               blocks=1 txs=0 mgas=0.000 elapsed=6.723ms   mgasps=0.000 number=299 hash=a5fdd2…d2ddab dirty=75.46KiB
INFO [04-11|14:45:53.677] Imported new chain segment               blocks=1 txs=0 mgas=0.000 elapsed=6.920ms   mgasps=0.000 number=300 hash=fff1a0…25b523 dirty=75.46KiB
INFO [04-11|14:45:53.873] Imported new chain segment               blocks=1 txs=0 mgas=0.000 elapsed=7.303ms   mgasps=0.000 number=300 hash=a5f893…5d1434 dirty=75.94KiB
INFO [04-11|14:45:54.907] Imported new chain segment               blocks=1 txs=0 mgas=0.000 elapsed=13.250ms  mgasps=0.000 number=301 hash=89af44…71f1fb dirty=76.17KiB
INFO [04-11|14:45:55.268] Chain reorg detected                     number=299 hash=a5fdd2…d2ddab drop=2  dropfrom=89af44…71f1fb add=2  addfrom=3fecc7…a1c6ff
INFO [04-11|14:45:55.268] Imported new chain segment               blocks=1 txs=0 mgas=0.000 elapsed=19.040ms  mgasps=0.000 number=301 hash=3fecc7…a1c6ff dirty=76.89KiB
INFO [04-11|14:45:55.512] Imported new chain segment               blocks=1 txs=0 mgas=0.000 elapsed=6.760ms   mgasps=0.000 number=302 hash=2c8a3c…ba28d9 dirty=77.12KiB
INFO [04-11|14:45:56.044] Imported new chain segment               blocks=1 txs=0 mgas=0.000 elapsed=6.890ms   mgasps=0.000 number=303 hash=785328…2dfc69 dirty=76.41KiB
INFO [04-11|14:45:56.257] Imported new chain segment               blocks=1 txs=0 mgas=0.000 elapsed=5.167ms   mgasps=0.000 number=304 hash=7a7a0b…e28ce1 dirty=75.70KiB
INFO [04-11|14:45:56.258] Mining too far in the future             wait=2s
INFO [04-11|14:45:57.279] Chain reorg detected                     number=303 hash=785328…2dfc69 drop=1  dropfrom=7a7a0b…e28ce1 add=1  addfrom=c80f4d…14d645
INFO [04-11|14:45:57.279] Imported new chain segment               blocks=1 txs=0 mgas=0.000 elapsed=4.664ms   mgasps=0.000 number=304 hash=c80f4d…14d645 dirty=76.17KiB
INFO [04-11|14:46:04.383] Chain reorg detected                     number=303 hash=785328…2dfc69 drop=1  dropfrom=c80f4d…14d645 add=2  addfrom=f4df40…9049e3
INFO [04-11|14:46:04.383] Imported new chain segment               blocks=1 txs=0 mgas=0.000 elapsed=12.827ms  mgasps=0.000 number=305 hash=f4df40…9049e3 dirty=75.94KiB
INFO [04-11|14:46:04.980] Imported new chain segment               blocks=1 txs=0 mgas=0.000 elapsed=8.029ms   mgasps=0.000 number=306 hash=d0ebcc…54ccf8 dirty=75.46KiB
INFO [04-11|14:46:05.286] Imported new chain segment               blocks=1 txs=0 mgas=0.000 elapsed=5.125ms   mgasps=0.000 number=307 hash=fd3438…27b50e dirty=74.99KiB
INFO [04-11|14:46:07.476] Imported new chain segment               blocks=1 txs=0 mgas=0.000 elapsed=7.897ms   mgasps=0.000 number=308 hash=106b18…e087a5 dirty=74.51KiB
INFO [04-11|14:46:08.096] Imported new chain segment               blocks=1 txs=0 mgas=0.000 elapsed=6.080ms   mgasps=0.000 number=309 hash=f9bd53…0d72cc dirty=74.04KiB
INFO [04-11|14:46:09.405] Imported new chain segment               blocks=1 txs=0 mgas=0.000 elapsed=5.560ms   mgasps=0.000 number=310 hash=112845…94c19c dirty=73.33KiB
INFO [04-11|14:46:11.765] Imported new chain segment               blocks=1 txs=0 mgas=0.000 elapsed=5.358ms   mgasps=0.000 number=311 hash=354f8f…ea6eea dirty=73.33KiB
INFO [04-11|14:46:12.216] Imported new chain segment               blocks=1 txs=0 mgas=0.000 elapsed=6.158ms   mgasps=0.000 number=312 hash=c67d10…9c94c0 dirty=73.33KiB
INFO [04-11|14:46:15.183] Imported new chain segment               blocks=1 txs=0 mgas=0.000 elapsed=5.643ms   mgasps=0.000 number=313 hash=fd32dd…63b424 dirty=73.33KiB
INFO [04-11|14:46:15.297] Imported new chain segment               blocks=1 txs=0 mgas=0.000 elapsed=6.160ms   mgasps=0.000 number=314 hash=66f7b2…1389c8 dirty=73.33KiB
INFO [04-11|14:46:16.162] Imported new chain segment               blocks=1 txs=0 mgas=0.000 elapsed=6.658ms   mgasps=0.000 number=315 hash=8c4069…c71e30 dirty=73.33KiB
INFO [04-11|14:46:16.501] Imported new chain segment               blocks=1 txs=0 mgas=0.000 elapsed=5.838ms   mgasps=0.000 number=316 hash=69ec2f…68dfd6 dirty=73.33KiB
INFO [04-11|14:46:16.501] Mining too far in the future             wait=2s
INFO [04-11|14:46:18.805] Imported new chain segment               blocks=1 txs=0 mgas=0.000 elapsed=5.610ms   mgasps=0.000 number=317 hash=e3df60…964df9 dirty=73.56KiB
INFO [04-11|14:46:19.131] Imported new chain segment               blocks=1 txs=0 mgas=0.000 elapsed=15.101ms  mgasps=0.000 number=317 hash=2975d5…a0333a dirty=74.04KiB
INFO [04-11|14:46:23.908] Imported new chain segment               blocks=1 txs=0 mgas=0.000 elapsed=12.745ms  mgasps=0.000 number=318 hash=8cd642…72afaa dirty=73.56KiB
INFO [04-11|14:46:28.148] Imported new chain segment               blocks=1 txs=0 mgas=0.000 elapsed=5.381ms   mgasps=0.000 number=319 hash=2955cd…d3bdf2 dirty=73.56KiB
INFO [04-11|14:46:29.173] Imported new chain segment               blocks=1 txs=0 mgas=0.000 elapsed=5.466ms   mgasps=0.000 number=320 hash=4fc569…db09e4 dirty=72.62KiB
INFO [04-11|14:46:30.427] Imported new chain segment               blocks=1 txs=0 mgas=0.000 elapsed=6.460ms   mgasps=0.000 number=321 hash=827809…13336b dirty=72.62KiB
INFO [04-11|14:46:32.698] Imported new chain segment               blocks=1 txs=0 mgas=0.000 elapsed=6.430ms   mgasps=0.000 number=322 hash=8edcbb…cb08fe dirty=72.85KiB
INFO [04-11|14:46:33.405] Imported new chain segment               blocks=1 txs=0 mgas=0.000 elapsed=6.885ms   mgasps=0.000 number=323 hash=55c1fa…eec8d3 dirty=72.14KiB
INFO [04-11|14:46:33.431] Chain reorg detected                     number=322 hash=8edcbb…cb08fe drop=1  dropfrom=55c1fa…eec8d3 add=1  addfrom=bca8de…314da8
INFO [04-11|14:46:33.431] Imported new chain segment               blocks=1 txs=0 mgas=0.000 elapsed=6.582ms   mgasps=0.000 number=323 hash=bca8de…314da8 dirty=72.62KiB
INFO [04-11|14:46:33.652] Imported new chain segment               blocks=1 txs=0 mgas=0.000 elapsed=6.658ms   mgasps=0.000 number=324 hash=8e3243…008c9f dirty=72.38KiB
INFO [04-11|14:46:34.405] Imported new chain segment               blocks=1 txs=0 mgas=0.000 elapsed=12.208ms  mgasps=0.000 number=325 hash=bf4f39…006520 dirty=72.38KiB
INFO [04-11|14:46:35.364] Imported new chain segment               blocks=1 txs=0 mgas=0.000 elapsed=4.561ms   mgasps=0.000 number=326 hash=559d18…af97fd dirty=72.38KiB
INFO [04-11|14:46:36.372] Imported new chain segment               blocks=1 txs=0 mgas=0.000 elapsed=7.053ms   mgasps=0.000 number=327 hash=c09c63…5cf5f9 dirty=72.38KiB
INFO [04-11|14:46:36.620] Chain reorg detected                     number=326 hash=559d18…af97fd drop=1  dropfrom=c09c63…5cf5f9 add=1  addfrom=f2e544…1a24cd
INFO [04-11|14:46:36.620] Imported new chain segment               blocks=1 txs=0 mgas=0.000 elapsed=6.374ms   mgasps=0.000 number=327 hash=f2e544…1a24cd dirty=72.85KiB
INFO [04-11|14:46:37.265] Imported new chain segment               blocks=1 txs=0 mgas=0.000 elapsed=9.895ms   mgasps=0.000 number=328 hash=fdf6ab…22e213 dirty=73.09KiB
INFO [04-11|14:46:38.439] Got interrupt, shutting down... 
INFO [04-11|14:46:38.439] IPC endpoint closed                      url=/root/ethData1/geth.ipc
INFO [04-11|14:46:38.439] Writing cached state to disk             block=328 hash=fdf6ab…22e213 root=f57c53…b0696a
INFO [04-11|14:46:38.439] Persisted trie from memory database      nodes=3 size=441.00B   time=80.935µs gcnodes=533 gcsize=76.49KiB gctime=1.484864ms livenodes=306 livesize=43.78KiB
INFO [04-11|14:46:38.439] Writing cached state to disk             block=327 hash=f2e544…1a24cd root=1a2dd3…ea913c
INFO [04-11|14:46:38.439] Persisted trie from memory database      nodes=3 size=441.00B   time=37.32µs  gcnodes=0   gcsize=0.00B    gctime=0s         livenodes=303 livesize=43.35KiB
INFO [04-11|14:46:38.439] Writing cached state to disk             block=201 hash=581348…e54472 root=bf18c6…d34f6d
INFO [04-11|14:46:38.439] Persisted trie from memory database      nodes=3 size=441.00B   time=38.969µs gcnodes=0   gcsize=0.00B    gctime=0s         livenodes=300 livesize=42.92KiB
INFO [04-11|14:46:38.440] Blockchain manager stopped 
INFO [04-11|14:46:38.440] Stopping Ethereum protocol 
INFO [04-11|14:46:38.440] Looking for peers                        peercount=2 tried=0 static=0
INFO [04-11|14:46:38.440] Ethereum protocol stopped 
INFO [04-11|14:46:38.440] Transaction pool stopped 
